
Fri Jan 30 14:00:01 UZT 2015 removing old dir 27-01-14.00
==========
Fri Jan 30 14:00:02 UZT 2015 camrec starting. will finish after 00:29:50
Fri Jan 30 14:00:02 UZT 2015 record stoped at 30-01-14.00
Fri Jan 30 14:00:02 UZT 2015 camrec.avi available at /mnt/HD/HD_b2/smb/cam/30-01-14.00/30-01-14.00
Fri Jan 30 14:30:01 UZT 2015 removing old dir 27-01-14.30
==========
Fri Jan 30 14:30:02 UZT 2015 camrec starting. will finish after 00:29:50
Fri Jan 30 14:30:02 UZT 2015 record stoped at 30-01-14.30
Fri Jan 30 14:30:02 UZT 2015 camrec.avi available at /mnt/HD/HD_b2/smb/cam/30-01-14.30/30-01-14.30
Fri Jan 30 15:00:01 UZT 2015 removing old dir 27-01-15.00
==========
Fri Jan 30 15:00:01 UZT 2015 camrec starting. will finish after 00:29:50
Fri Jan 30 15:00:01 UZT 2015 record stoped at 30-01-15.00
Fri Jan 30 15:00:01 UZT 2015 camrec.avi available at /mnt/HD/HD_b2/smb/cam/30-01-15.00/30-01-15.00
Fri Jan 30 15:30:01 UZT 2015 removing old dir 27-01-15.30
==========
Fri Jan 30 15:30:02 UZT 2015 camrec starting. will finish after 00:29:50
Fri Jan 30 15:30:02 UZT 2015 record stoped at 30-01-15.30
Fri Jan 30 15:30:02 UZT 2015 camrec.avi available at /mnt/HD/HD_b2/smb/cam/30-01-15.30/30-01-15.30
Fri Jan 30 16:00:01 UZT 2015 removing old dir 27-01-16.00
==========
Fri Jan 30 16:00:01 UZT 2015 camrec starting. will finish after 00:29:50
Fri Jan 30 16:00:01 UZT 2015 record stoped at 30-01-16.00
Fri Jan 30 16:00:01 UZT 2015 camrec.avi available at /mnt/HD/HD_b2/smb/cam/30-01-16.00/30-01-16.00
Fri Jan 30 16:30:01 UZT 2015 removing old dir 27-01-16.30
==========
Fri Jan 30 16:30:02 UZT 2015 camrec starting. will finish after 00:29:50
Fri Jan 30 16:30:02 UZT 2015 record stoped at 30-01-16.30
Fri Jan 30 16:30:02 UZT 2015 camrec.avi available at /mnt/HD/HD_b2/smb/cam/30-01-16.30/30-01-16.30
Fri Jan 30 17:00:01 UZT 2015 removing old dir 27-01-17.00
==========
Fri Jan 30 17:00:01 UZT 2015 camrec starting. will finish after 00:29:50
Fri Jan 30 17:00:02 UZT 2015 record stoped at 30-01-17.00
Fri Jan 30 17:00:02 UZT 2015 camrec.avi available at /mnt/HD/HD_b2/smb/cam/30-01-17.00/30-01-17.00
Fri Jan 30 17:30:01 UZT 2015 removing old dir 27-01-17.30
==========
Fri Jan 30 17:30:01 UZT 2015 camrec starting. will finish after 00:29:50
Fri Jan 30 17:30:01 UZT 2015 record stoped at 30-01-17.30
Fri Jan 30 17:30:01 UZT 2015 camrec.avi available at /mnt/HD/HD_b2/smb/cam/30-01-17.30/30-01-17.30
Fri Jan 30 18:00:01 UZT 2015 removing old dir 27-01-18.00
==========
Fri Jan 30 18:00:02 UZT 2015 camrec starting. will finish after 00:29:50
Fri Jan 30 18:00:02 UZT 2015 record stoped at 30-01-18.00
Fri Jan 30 18:00:02 UZT 2015 camrec.avi available at /mnt/HD/HD_b2/smb/cam/30-01-18.00/30-01-18.00
Fri Jan 30 18:30:02 UZT 2015 removing old dir 27-01-18.30
==========
Fri Jan 30 18:30:02 UZT 2015 camrec starting. will finish after 00:29:50
Fri Jan 30 18:30:02 UZT 2015 record stoped at 30-01-18.30
Fri Jan 30 18:30:02 UZT 2015 camrec.avi available at /mnt/HD/HD_b2/smb/cam/30-01-18.30/30-01-18.30
Fri Jan 30 19:00:01 UZT 2015 removing old dir 27-01-19.00
==========
Fri Jan 30 19:00:01 UZT 2015 camrec starting. will finish after 00:29:50
Fri Jan 30 19:00:01 UZT 2015 record stoped at 30-01-19.00
Fri Jan 30 19:00:01 UZT 2015 camrec.avi available at /mnt/HD/HD_b2/smb/cam/30-01-19.00/30-01-19.00
Fri Jan 30 19:30:01 UZT 2015 removing old dir 27-01-19.30
==========
Fri Jan 30 19:30:02 UZT 2015 camrec starting. will finish after 00:29:50
Fri Jan 30 19:30:02 UZT 2015 record stoped at 30-01-19.30
Fri Jan 30 19:30:02 UZT 2015 camrec.avi available at /mnt/HD/HD_b2/smb/cam/30-01-19.30/30-01-19.30
Fri Jan 30 20:00:02 UZT 2015 removing old dir 27-01-20.00
==========
Fri Jan 30 20:00:02 UZT 2015 camrec starting. will finish after 00:29:50
Fri Jan 30 20:00:02 UZT 2015 record stoped at 30-01-20.00
Fri Jan 30 20:00:02 UZT 2015 camrec.avi available at /mnt/HD/HD_b2/smb/cam/30-01-20.00/30-01-20.00
Fri Jan 30 20:30:01 UZT 2015 removing old dir 27-01-20.30
==========
Fri Jan 30 20:30:01 UZT 2015 camrec starting. will finish after 00:29:50
Fri Jan 30 20:30:01 UZT 2015 record stoped at 30-01-20.30
Fri Jan 30 20:30:01 UZT 2015 camrec.avi available at /mnt/HD/HD_b2/smb/cam/30-01-20.30/30-01-20.30
Fri Jan 30 21:00:01 UZT 2015 removing old dir 27-01-21.00
==========
Fri Jan 30 21:00:02 UZT 2015 camrec starting. will finish after 00:29:50
Fri Jan 30 21:00:02 UZT 2015 record stoped at 30-01-21.00
Fri Jan 30 21:00:02 UZT 2015 camrec.avi available at /mnt/HD/HD_b2/smb/cam/30-01-21.00/30-01-21.00
Fri Jan 30 21:30:02 UZT 2015 removing old dir 27-01-21.30
==========
Fri Jan 30 21:30:02 UZT 2015 camrec starting. will finish after 00:29:50
Fri Jan 30 21:30:02 UZT 2015 record stoped at 30-01-21.30
Fri Jan 30 21:30:02 UZT 2015 camrec.avi available at /mnt/HD/HD_b2/smb/cam/30-01-21.30/30-01-21.30
Fri Jan 30 22:00:01 UZT 2015 removing old dir 27-01-22.00
==========
Fri Jan 30 22:00:01 UZT 2015 camrec starting. will finish after 00:29:50
Fri Jan 30 22:00:01 UZT 2015 record stoped at 30-01-22.00
Fri Jan 30 22:00:01 UZT 2015 camrec.avi available at /mnt/HD/HD_b2/smb/cam/30-01-22.00/30-01-22.00
Fri Jan 30 22:30:01 UZT 2015 removing old dir 27-01-22.30
==========
Fri Jan 30 22:30:02 UZT 2015 camrec starting. will finish after 00:29:50
Fri Jan 30 22:30:02 UZT 2015 record stoped at 30-01-22.30
Fri Jan 30 22:30:02 UZT 2015 camrec.avi available at /mnt/HD/HD_b2/smb/cam/30-01-22.30/30-01-22.30
Fri Jan 30 23:00:02 UZT 2015 removing old dir 27-01-23.00
==========
Fri Jan 30 23:00:02 UZT 2015 camrec starting. will finish after 00:29:50
Fri Jan 30 23:00:02 UZT 2015 record stoped at 30-01-23.00
Fri Jan 30 23:00:02 UZT 2015 camrec.avi available at /mnt/HD/HD_b2/smb/cam/30-01-23.00/30-01-23.00
Fri Jan 30 23:30:01 UZT 2015 removing old dir 27-01-23.30
==========
Fri Jan 30 23:30:01 UZT 2015 camrec starting. will finish after 00:29:50
Fri Jan 30 23:30:01 UZT 2015 record stoped at 30-01-23.30
Fri Jan 30 23:30:01 UZT 2015 camrec.avi available at /mnt/HD/HD_b2/smb/cam/30-01-23.30/30-01-23.30
Sat Jan 31 00:00:01 UZT 2015 removing old dir 28-01-00.00
==========
Sat Jan 31 00:00:02 UZT 2015 camrec starting. will finish after 00:29:50
Sat Jan 31 00:00:02 UZT 2015 record stoped at 31-01-00.00
Sat Jan 31 00:00:02 UZT 2015 camrec.avi available at /mnt/HD/HD_b2/smb/cam/31-01-00.00/31-01-00.00
Sat Jan 31 00:30:02 UZT 2015 removing old dir 28-01-00.30
==========
Sat Jan 31 00:30:02 UZT 2015 camrec starting. will finish after 00:29:50
Sat Jan 31 00:30:02 UZT 2015 record stoped at 31-01-00.30
Sat Jan 31 00:30:02 UZT 2015 camrec.avi available at /mnt/HD/HD_b2/smb/cam/31-01-00.30/31-01-00.30
Sat Jan 31 01:00:01 UZT 2015 removing old dir 28-01-01.00
==========
Sat Jan 31 01:00:01 UZT 2015 camrec starting. will finish after 00:29:50
Sat Jan 31 01:00:01 UZT 2015 record stoped at 31-01-01.00
Sat Jan 31 01:00:01 UZT 2015 camrec.avi available at /mnt/HD/HD_b2/smb/cam/31-01-01.00/31-01-01.00
Sat Jan 31 01:30:01 UZT 2015 removing old dir 28-01-01.30
==========
Sat Jan 31 01:30:02 UZT 2015 camrec starting. will finish after 00:29:50
Sat Jan 31 01:30:02 UZT 2015 record stoped at 31-01-01.30
Sat Jan 31 01:30:02 UZT 2015 camrec.avi available at /mnt/HD/HD_b2/smb/cam/31-01-01.30/31-01-01.30
Sat Jan 31 02:00:01 UZT 2015 removing old dir 28-01-02.00
==========
Sat Jan 31 02:00:01 UZT 2015 camrec starting. will finish after 00:29:50
Sat Jan 31 02:00:01 UZT 2015 record stoped at 31-01-02.00
Sat Jan 31 02:00:01 UZT 2015 camrec.avi available at /mnt/HD/HD_b2/smb/cam/31-01-02.00/31-01-02.00
Sat Jan 31 02:30:02 UZT 2015 removing old dir 28-01-02.30
==========
Sat Jan 31 02:30:02 UZT 2015 camrec starting. will finish after 00:29:50
Sat Jan 31 02:30:02 UZT 2015 record stoped at 31-01-02.30
Sat Jan 31 02:30:02 UZT 2015 camrec.avi available at /mnt/HD/HD_b2/smb/cam/31-01-02.30/31-01-02.30
Sat Jan 31 03:00:02 UZT 2015 removing old dir 28-01-03.00
==========
Sat Jan 31 03:00:02 UZT 2015 camrec starting. will finish after 00:29:50
Sat Jan 31 03:00:02 UZT 2015 record stoped at 31-01-03.00
Sat Jan 31 03:00:02 UZT 2015 camrec.avi available at /mnt/HD/HD_b2/smb/cam/31-01-03.00/31-01-03.00
Sat Jan 31 03:30:01 UZT 2015 removing old dir 28-01-03.30
==========
Sat Jan 31 03:30:01 UZT 2015 camrec starting. will finish after 00:29:50
Sat Jan 31 03:30:01 UZT 2015 record stoped at 31-01-03.30
Sat Jan 31 03:30:01 UZT 2015 camrec.avi available at /mnt/HD/HD_b2/smb/cam/31-01-03.30/31-01-03.30
Sat Jan 31 04:00:01 UZT 2015 removing old dir 28-01-04.00
==========
Sat Jan 31 04:00:02 UZT 2015 camrec starting. will finish after 00:29:50
Sat Jan 31 04:00:02 UZT 2015 record stoped at 31-01-04.00
Sat Jan 31 04:00:02 UZT 2015 camrec.avi available at /mnt/HD/HD_b2/smb/cam/31-01-04.00/31-01-04.00
Sat Jan 31 04:30:01 UZT 2015 removing old dir 28-01-04.30
==========
Sat Jan 31 04:30:02 UZT 2015 camrec starting. will finish after 00:29:50
Sat Jan 31 04:30:02 UZT 2015 record stoped at 31-01-04.30
Sat Jan 31 04:30:02 UZT 2015 camrec.avi available at /mnt/HD/HD_b2/smb/cam/31-01-04.30/31-01-04.30
Sat Jan 31 05:00:01 UZT 2015 removing old dir 28-01-05.00
==========
Sat Jan 31 05:00:01 UZT 2015 camrec starting. will finish after 00:29:50
Sat Jan 31 05:00:01 UZT 2015 record stoped at 31-01-05.00
Sat Jan 31 05:00:01 UZT 2015 camrec.avi available at /mnt/HD/HD_b2/smb/cam/31-01-05.00/31-01-05.00
Sat Jan 31 05:30:01 UZT 2015 removing old dir 28-01-05.30
==========
Sat Jan 31 05:30:01 UZT 2015 camrec starting. will finish after 00:29:50
Sat Jan 31 05:30:02 UZT 2015 record stoped at 31-01-05.30
Sat Jan 31 05:30:02 UZT 2015 camrec.avi available at /mnt/HD/HD_b2/smb/cam/31-01-05.30/31-01-05.30
Sat Jan 31 06:00:01 UZT 2015 removing old dir 28-01-06.00
==========
Sat Jan 31 06:00:02 UZT 2015 camrec starting. will finish after 00:29:50
Sat Jan 31 06:00:02 UZT 2015 record stoped at 31-01-06.00
Sat Jan 31 06:00:02 UZT 2015 camrec.avi available at /mnt/HD/HD_b2/smb/cam/31-01-06.00/31-01-06.00
Sat Jan 31 06:30:01 UZT 2015 removing old dir 28-01-06.30
==========
Sat Jan 31 06:30:01 UZT 2015 camrec starting. will finish after 00:29:50
Sat Jan 31 06:30:01 UZT 2015 record stoped at 31-01-06.30
Sat Jan 31 06:30:01 UZT 2015 camrec.avi available at /mnt/HD/HD_b2/smb/cam/31-01-06.30/31-01-06.30
Sat Jan 31 07:00:01 UZT 2015 removing old dir 28-01-07.00
==========
Sat Jan 31 07:00:02 UZT 2015 camrec starting. will finish after 00:29:50
Sat Jan 31 07:00:02 UZT 2015 record stoped at 31-01-07.00
Sat Jan 31 07:00:02 UZT 2015 camrec.avi available at /mnt/HD/HD_b2/smb/cam/31-01-07.00/31-01-07.00
Sat Jan 31 07:30:01 UZT 2015 removing old dir 28-01-07.30
==========
Sat Jan 31 07:30:02 UZT 2015 camrec starting. will finish after 00:29:50
Sat Jan 31 07:30:02 UZT 2015 record stoped at 31-01-07.30
Sat Jan 31 07:30:02 UZT 2015 camrec.avi available at /mnt/HD/HD_b2/smb/cam/31-01-07.30/31-01-07.30
Sat Jan 31 08:00:01 UZT 2015 removing old dir 28-01-08.00
==========
Sat Jan 31 08:00:01 UZT 2015 camrec starting. will finish after 00:29:50
Sat Jan 31 08:00:01 UZT 2015 record stoped at 31-01-08.00
Sat Jan 31 08:00:01 UZT 2015 camrec.avi available at /mnt/HD/HD_b2/smb/cam/31-01-08.00/31-01-08.00
Sat Jan 31 08:30:01 UZT 2015 removing old dir 28-01-08.30
==========
Sat Jan 31 08:30:01 UZT 2015 camrec starting. will finish after 00:29:50
Sat Jan 31 08:30:02 UZT 2015 record stoped at 31-01-08.30
Sat Jan 31 08:30:02 UZT 2015 camrec.avi available at /mnt/HD/HD_b2/smb/cam/31-01-08.30/31-01-08.30
Sat Jan 31 09:00:01 UZT 2015 removing old dir 28-01-09.00
==========
Sat Jan 31 09:00:02 UZT 2015 camrec starting. will finish after 00:29:50
Sat Jan 31 09:00:02 UZT 2015 record stoped at 31-01-09.00
Sat Jan 31 09:00:02 UZT 2015 camrec.avi available at /mnt/HD/HD_b2/smb/cam/31-01-09.00/31-01-09.00
Sat Jan 31 09:30:01 UZT 2015 removing old dir 28-01-09.30
==========
Sat Jan 31 09:30:02 UZT 2015 camrec starting. will finish after 00:29:50
Sat Jan 31 09:30:02 UZT 2015 record stoped at 31-01-09.30
Sat Jan 31 09:30:02 UZT 2015 camrec.avi available at /mnt/HD/HD_b2/smb/cam/31-01-09.30/31-01-09.30
Sat Jan 31 10:00:01 UZT 2015 removing old dir 28-01-10.00
==========
Sat Jan 31 10:00:02 UZT 2015 camrec starting. will finish after 00:29:50
Sat Jan 31 10:00:02 UZT 2015 record stoped at 31-01-10.00
Sat Jan 31 10:00:02 UZT 2015 camrec.avi available at /mnt/HD/HD_b2/smb/cam/31-01-10.00/31-01-10.00
Sat Jan 31 10:30:01 UZT 2015 removing old dir 28-01-10.30
==========
Sat Jan 31 10:30:02 UZT 2015 camrec starting. will finish after 00:29:50
Sat Jan 31 10:30:02 UZT 2015 record stoped at 31-01-10.30
Sat Jan 31 10:30:02 UZT 2015 camrec.avi available at /mnt/HD/HD_b2/smb/cam/31-01-10.30/31-01-10.30
Sat Jan 31 11:00:01 UZT 2015 removing old dir 28-01-11.00
==========
Sat Jan 31 11:00:01 UZT 2015 camrec starting. will finish after 00:29:50
Sat Jan 31 11:00:01 UZT 2015 record stoped at 31-01-11.00
Sat Jan 31 11:00:01 UZT 2015 camrec.avi available at /mnt/HD/HD_b2/smb/cam/31-01-11.00/31-01-11.00
Sat Jan 31 11:30:01 UZT 2015 removing old dir 28-01-11.30
==========
Sat Jan 31 11:30:01 UZT 2015 camrec starting. will finish after 00:29:50
Sat Jan 31 11:30:01 UZT 2015 record stoped at 31-01-11.30
Sat Jan 31 11:30:02 UZT 2015 camrec.avi available at /mnt/HD/HD_b2/smb/cam/31-01-11.30/31-01-11.30
Sat Jan 31 12:00:01 UZT 2015 removing old dir 28-01-12.00
==========
Sat Jan 31 12:00:02 UZT 2015 camrec starting. will finish after 00:29:50
Sat Jan 31 12:00:02 UZT 2015 record stoped at 31-01-12.00
Sat Jan 31 12:00:02 UZT 2015 camrec.avi available at /mnt/HD/HD_b2/smb/cam/31-01-12.00/31-01-12.00
Sat Jan 31 12:30:01 UZT 2015 removing old dir 28-01-12.30
==========
Sat Jan 31 12:30:01 UZT 2015 camrec starting. will finish after 00:29:50
Sat Jan 31 12:30:01 UZT 2015 record stoped at 31-01-12.30
Sat Jan 31 12:30:01 UZT 2015 camrec.avi available at /mnt/HD/HD_b2/smb/cam/31-01-12.30/31-01-12.30
Sat Jan 31 13:00:01 UZT 2015 removing old dir 28-01-13.00
==========
Sat Jan 31 13:00:01 UZT 2015 camrec starting. will finish after 00:29:50
Sat Jan 31 13:00:01 UZT 2015 record stoped at 31-01-13.00
Sat Jan 31 13:00:01 UZT 2015 camrec.avi available at /mnt/HD/HD_b2/smb/cam/31-01-13.00/31-01-13.00
Sat Jan 31 13:30:01 UZT 2015 removing old dir 28-01-13.30
==========
Sat Jan 31 13:30:02 UZT 2015 camrec starting. will finish after 00:29:50
Sat Jan 31 13:30:02 UZT 2015 record stoped at 31-01-13.30
Sat Jan 31 13:30:02 UZT 2015 camrec.avi available at /mnt/HD/HD_b2/smb/cam/31-01-13.30/31-01-13.30
Sat Jan 31 14:00:01 UZT 2015 removing old dir 28-01-14.00
==========
Sat Jan 31 14:00:01 UZT 2015 camrec starting. will finish after 00:29:50
Sat Jan 31 14:00:01 UZT 2015 record stoped at 31-01-14.00
Sat Jan 31 14:00:01 UZT 2015 camrec.avi available at /mnt/HD/HD_b2/smb/cam/31-01-14.00/31-01-14.00
Sat Jan 31 14:30:01 UZT 2015 removing old dir 28-01-14.30
==========
Sat Jan 31 14:30:01 UZT 2015 camrec starting. will finish after 00:29:50
Sat Jan 31 14:30:01 UZT 2015 record stoped at 31-01-14.30
Sat Jan 31 14:30:01 UZT 2015 camrec.avi available at /mnt/HD/HD_b2/smb/cam/31-01-14.30/31-01-14.30
Sat Jan 31 15:00:01 UZT 2015 removing old dir 28-01-15.00
==========
Sat Jan 31 15:00:02 UZT 2015 camrec starting. will finish after 00:29:50
Sat Jan 31 15:00:02 UZT 2015 record stoped at 31-01-15.00
Sat Jan 31 15:00:02 UZT 2015 camrec.avi available at /mnt/HD/HD_b2/smb/cam/31-01-15.00/31-01-15.00
Sat Jan 31 15:30:01 UZT 2015 removing old dir 28-01-15.30
==========
Sat Jan 31 15:30:01 UZT 2015 camrec starting. will finish after 00:29:50
Sat Jan 31 15:30:01 UZT 2015 record stoped at 31-01-15.30
Sat Jan 31 15:30:01 UZT 2015 camrec.avi available at /mnt/HD/HD_b2/smb/cam/31-01-15.30/31-01-15.30
Sat Jan 31 16:00:01 UZT 2015 removing old dir 28-01-16.00
==========
Sat Jan 31 16:00:01 UZT 2015 camrec starting. will finish after 00:29:50
Sat Jan 31 16:00:01 UZT 2015 record stoped at 31-01-16.00
Sat Jan 31 16:00:01 UZT 2015 camrec.avi available at /mnt/HD/HD_b2/smb/cam/31-01-16.00/31-01-16.00
Sat Jan 31 16:30:01 UZT 2015 removing old dir 28-01-16.30
==========
Sat Jan 31 16:30:02 UZT 2015 camrec starting. will finish after 00:29:50
Sat Jan 31 16:30:02 UZT 2015 record stoped at 31-01-16.30
Sat Jan 31 16:30:02 UZT 2015 camrec.avi available at /mnt/HD/HD_b2/smb/cam/31-01-16.30/31-01-16.30
Sat Jan 31 17:00:02 UZT 2015 removing old dir 28-01-17.00
==========
Sat Jan 31 17:00:02 UZT 2015 camrec starting. will finish after 00:29:50
Sat Jan 31 17:00:02 UZT 2015 record stoped at 31-01-17.00
Sat Jan 31 17:00:02 UZT 2015 camrec.avi available at /mnt/HD/HD_b2/smb/cam/31-01-17.00/31-01-17.00
Sat Jan 31 17:30:01 UZT 2015 removing old dir 28-01-17.30
==========
Sat Jan 31 17:30:01 UZT 2015 camrec starting. will finish after 00:29:50
Sat Jan 31 17:30:01 UZT 2015 record stoped at 31-01-17.30
Sat Jan 31 17:30:01 UZT 2015 camrec.avi available at /mnt/HD/HD_b2/smb/cam/31-01-17.30/31-01-17.30
Sat Jan 31 18:00:01 UZT 2015 removing old dir 28-01-18.00
==========
Sat Jan 31 18:00:02 UZT 2015 camrec starting. will finish after 00:29:50
Sat Jan 31 18:00:02 UZT 2015 record stoped at 31-01-18.00
Sat Jan 31 18:00:02 UZT 2015 camrec.avi available at /mnt/HD/HD_b2/smb/cam/31-01-18.00/31-01-18.00
Sat Jan 31 18:30:02 UZT 2015 removing old dir 28-01-18.30
==========
Sat Jan 31 18:30:02 UZT 2015 camrec starting. will finish after 00:29:50
Sat Jan 31 18:30:02 UZT 2015 record stoped at 31-01-18.30
Sat Jan 31 18:30:02 UZT 2015 camrec.avi available at /mnt/HD/HD_b2/smb/cam/31-01-18.30/31-01-18.30
Sat Jan 31 19:00:01 UZT 2015 removing old dir 28-01-19.00
==========
Sat Jan 31 19:00:01 UZT 2015 camrec starting. will finish after 00:29:50
Sat Jan 31 19:00:01 UZT 2015 record stoped at 31-01-19.00
Sat Jan 31 19:00:01 UZT 2015 camrec.avi available at /mnt/HD/HD_b2/smb/cam/31-01-19.00/31-01-19.00
Sat Jan 31 19:30:01 UZT 2015 removing old dir 28-01-19.30
==========
Sat Jan 31 19:30:02 UZT 2015 camrec starting. will finish after 00:29:50
Sat Jan 31 19:30:02 UZT 2015 record stoped at 31-01-19.30
Sat Jan 31 19:30:02 UZT 2015 camrec.avi available at /mnt/HD/HD_b2/smb/cam/31-01-19.30/31-01-19.30
Sat Jan 31 20:00:02 UZT 2015 removing old dir 28-01-20.00
==========
Sat Jan 31 20:00:02 UZT 2015 camrec starting. will finish after 00:29:50
Sat Jan 31 20:00:02 UZT 2015 record stoped at 31-01-20.00
Sat Jan 31 20:00:02 UZT 2015 camrec.avi available at /mnt/HD/HD_b2/smb/cam/31-01-20.00/31-01-20.00
Sat Jan 31 20:30:01 UZT 2015 removing old dir 28-01-20.30
==========
Sat Jan 31 20:30:01 UZT 2015 camrec starting. will finish after 00:29:50
Sat Jan 31 20:30:01 UZT 2015 record stoped at 31-01-20.30
Sat Jan 31 20:30:01 UZT 2015 camrec.avi available at /mnt/HD/HD_b2/smb/cam/31-01-20.30/31-01-20.30
Sat Jan 31 21:00:01 UZT 2015 removing old dir 28-01-21.00
==========
Sat Jan 31 21:00:02 UZT 2015 camrec starting. will finish after 00:29:50
Sat Jan 31 21:00:02 UZT 2015 record stoped at 31-01-21.00
Sat Jan 31 21:00:02 UZT 2015 camrec.avi available at /mnt/HD/HD_b2/smb/cam/31-01-21.00/31-01-21.00
Sat Jan 31 21:30:02 UZT 2015 removing old dir 28-01-21.30
==========
Sat Jan 31 21:30:02 UZT 2015 camrec starting. will finish after 00:29:50
Sat Jan 31 21:30:02 UZT 2015 record stoped at 31-01-21.30
Sat Jan 31 21:30:02 UZT 2015 camrec.avi available at /mnt/HD/HD_b2/smb/cam/31-01-21.30/31-01-21.30
Sat Jan 31 22:00:01 UZT 2015 removing old dir 28-01-22.00
==========
Sat Jan 31 22:00:01 UZT 2015 camrec starting. will finish after 00:29:50
Sat Jan 31 22:00:01 UZT 2015 record stoped at 31-01-22.00
Sat Jan 31 22:00:01 UZT 2015 camrec.avi available at /mnt/HD/HD_b2/smb/cam/31-01-22.00/31-01-22.00
Sat Jan 31 22:30:01 UZT 2015 removing old dir 28-01-22.30
==========
Sat Jan 31 22:30:02 UZT 2015 camrec starting. will finish after 00:29:50
Sat Jan 31 22:30:02 UZT 2015 record stoped at 31-01-22.30
Sat Jan 31 22:30:02 UZT 2015 camrec.avi available at /mnt/HD/HD_b2/smb/cam/31-01-22.30/31-01-22.30
Sat Jan 31 23:00:02 UZT 2015 removing old dir 28-01-23.00
==========
Sat Jan 31 23:00:02 UZT 2015 camrec starting. will finish after 00:29:50
Sat Jan 31 23:00:02 UZT 2015 record stoped at 31-01-23.00
Sat Jan 31 23:00:02 UZT 2015 camrec.avi available at /mnt/HD/HD_b2/smb/cam/31-01-23.00/31-01-23.00
Sat Jan 31 23:30:01 UZT 2015 removing old dir 28-01-23.30
==========
Sat Jan 31 23:30:01 UZT 2015 camrec starting. will finish after 00:29:50
Sat Jan 31 23:30:01 UZT 2015 record stoped at 31-01-23.30
Sat Jan 31 23:30:01 UZT 2015 camrec.avi available at /mnt/HD/HD_b2/smb/cam/31-01-23.30/31-01-23.30
Sun Feb  1 00:00:01 UZT 2015 removing old dir 29-01-00.00
==========
Sun Feb  1 00:00:01 UZT 2015 camrec starting. will finish after 00:29:50
Sun Feb  1 00:00:01 UZT 2015 record stoped at 01-02-00.00
Sun Feb  1 00:00:01 UZT 2015 camrec.avi available at /mnt/HD/HD_b2/smb/cam/01-02-00.00/01-02-00.00
Sun Feb  1 00:30:02 UZT 2015 removing old dir 29-01-00.30
==========
Sun Feb  1 00:30:02 UZT 2015 camrec starting. will finish after 00:29:50
Sun Feb  1 00:30:02 UZT 2015 record stoped at 01-02-00.30
Sun Feb  1 00:30:02 UZT 2015 camrec.avi available at /mnt/HD/HD_b2/smb/cam/01-02-00.30/01-02-00.30
Sun Feb  1 01:00:01 UZT 2015 removing old dir 29-01-01.00
==========
Sun Feb  1 01:00:01 UZT 2015 camrec starting. will finish after 00:29:50
Sun Feb  1 01:00:01 UZT 2015 record stoped at 01-02-01.00
Sun Feb  1 01:00:01 UZT 2015 camrec.avi available at /mnt/HD/HD_b2/smb/cam/01-02-01.00/01-02-01.00
Sun Feb  1 01:30:01 UZT 2015 removing old dir 29-01-01.30
==========
Sun Feb  1 01:30:01 UZT 2015 camrec starting. will finish after 00:29:50
Sun Feb  1 01:30:01 UZT 2015 record stoped at 01-02-01.30
Sun Feb  1 01:30:01 UZT 2015 camrec.avi available at /mnt/HD/HD_b2/smb/cam/01-02-01.30/01-02-01.30
Sun Feb  1 02:00:01 UZT 2015 removing old dir 29-01-02.00
==========
Sun Feb  1 02:00:02 UZT 2015 camrec starting. will finish after 00:29:50
Sun Feb  1 02:00:02 UZT 2015 record stoped at 01-02-02.00
Sun Feb  1 02:00:02 UZT 2015 camrec.avi available at /mnt/HD/HD_b2/smb/cam/01-02-02.00/01-02-02.00
Sun Feb  1 02:30:01 UZT 2015 removing old dir 29-01-02.30
==========
Sun Feb  1 02:30:01 UZT 2015 camrec starting. will finish after 00:29:50
Sun Feb  1 02:30:01 UZT 2015 record stoped at 01-02-02.30
Sun Feb  1 02:30:01 UZT 2015 camrec.avi available at /mnt/HD/HD_b2/smb/cam/01-02-02.30/01-02-02.30
Sun Feb  1 03:00:01 UZT 2015 removing old dir 29-01-03.00
==========
Sun Feb  1 03:00:02 UZT 2015 camrec starting. will finish after 00:29:50
Sun Feb  1 03:00:02 UZT 2015 record stoped at 01-02-03.00
Sun Feb  1 03:00:02 UZT 2015 camrec.avi available at /mnt/HD/HD_b2/smb/cam/01-02-03.00/01-02-03.00
Sun Feb  1 03:30:02 UZT 2015 removing old dir 29-01-03.30
==========
Sun Feb  1 03:30:02 UZT 2015 camrec starting. will finish after 00:29:50
Sun Feb  1 03:30:02 UZT 2015 record stoped at 01-02-03.30
Sun Feb  1 03:30:02 UZT 2015 camrec.avi available at /mnt/HD/HD_b2/smb/cam/01-02-03.30/01-02-03.30
Sun Feb  1 04:00:01 UZT 2015 removing old dir 29-01-04.00
==========
Sun Feb  1 04:00:01 UZT 2015 camrec starting. will finish after 00:29:50
Sun Feb  1 04:00:01 UZT 2015 record stoped at 01-02-04.00
Sun Feb  1 04:00:01 UZT 2015 camrec.avi available at /mnt/HD/HD_b2/smb/cam/01-02-04.00/01-02-04.00
Sun Feb  1 04:30:01 UZT 2015 removing old dir 29-01-04.30
==========
Sun Feb  1 04:30:01 UZT 2015 camrec starting. will finish after 00:29:50
Sun Feb  1 04:30:01 UZT 2015 record stoped at 01-02-04.30
Sun Feb  1 04:30:01 UZT 2015 camrec.avi available at /mnt/HD/HD_b2/smb/cam/01-02-04.30/01-02-04.30
Sun Feb  1 05:00:01 UZT 2015 removing old dir 29-01-05.00
==========
Sun Feb  1 05:00:02 UZT 2015 camrec starting. will finish after 00:29:50
Sun Feb  1 05:00:02 UZT 2015 record stoped at 01-02-05.00
Sun Feb  1 05:00:02 UZT 2015 camrec.avi available at /mnt/HD/HD_b2/smb/cam/01-02-05.00/01-02-05.00
Sun Feb  1 05:30:01 UZT 2015 removing old dir 29-01-05.30
==========
Sun Feb  1 05:30:01 UZT 2015 camrec starting. will finish after 00:29:50
Sun Feb  1 05:30:01 UZT 2015 record stoped at 01-02-05.30
Sun Feb  1 05:30:01 UZT 2015 camrec.avi available at /mnt/HD/HD_b2/smb/cam/01-02-05.30/01-02-05.30
Sun Feb  1 06:00:01 UZT 2015 removing old dir 29-01-06.00
==========
Sun Feb  1 06:00:01 UZT 2015 camrec starting. will finish after 00:29:50
Sun Feb  1 06:00:01 UZT 2015 record stoped at 01-02-06.00
Sun Feb  1 06:00:01 UZT 2015 camrec.avi available at /mnt/HD/HD_b2/smb/cam/01-02-06.00/01-02-06.00
Sun Feb  1 06:30:01 UZT 2015 removing old dir 29-01-06.30
==========
Sun Feb  1 06:30:02 UZT 2015 camrec starting. will finish after 00:29:50
Sun Feb  1 06:30:02 UZT 2015 record stoped at 01-02-06.30
Sun Feb  1 06:30:02 UZT 2015 camrec.avi available at /mnt/HD/HD_b2/smb/cam/01-02-06.30/01-02-06.30
Sun Feb  1 07:00:01 UZT 2015 removing old dir 29-01-07.00
==========
Sun Feb  1 07:00:01 UZT 2015 camrec starting. will finish after 00:29:50
Sun Feb  1 07:00:01 UZT 2015 record stoped at 01-02-07.00
Sun Feb  1 07:00:01 UZT 2015 camrec.avi available at /mnt/HD/HD_b2/smb/cam/01-02-07.00/01-02-07.00
Sun Feb  1 07:30:01 UZT 2015 removing old dir 29-01-07.30
==========
Sun Feb  1 07:30:01 UZT 2015 camrec starting. will finish after 00:29:50
Sun Feb  1 07:30:01 UZT 2015 record stoped at 01-02-07.30
Sun Feb  1 07:30:01 UZT 2015 camrec.avi available at /mnt/HD/HD_b2/smb/cam/01-02-07.30/01-02-07.30
Sun Feb  1 08:00:01 UZT 2015 removing old dir 29-01-08.00
==========
Sun Feb  1 08:00:02 UZT 2015 camrec starting. will finish after 00:29:50
Sun Feb  1 08:00:02 UZT 2015 record stoped at 01-02-08.00
Sun Feb  1 08:00:02 UZT 2015 camrec.avi available at /mnt/HD/HD_b2/smb/cam/01-02-08.00/01-02-08.00
Sun Feb  1 08:30:01 UZT 2015 removing old dir 29-01-08.30
==========
Sun Feb  1 08:30:01 UZT 2015 camrec starting. will finish after 00:29:50
Sun Feb  1 08:30:01 UZT 2015 record stoped at 01-02-08.30
Sun Feb  1 08:30:01 UZT 2015 camrec.avi available at /mnt/HD/HD_b2/smb/cam/01-02-08.30/01-02-08.30
Sun Feb  1 09:00:01 UZT 2015 removing old dir 29-01-09.00
==========
Sun Feb  1 09:00:02 UZT 2015 camrec starting. will finish after 00:29:50
Sun Feb  1 09:00:02 UZT 2015 record stoped at 01-02-09.00
Sun Feb  1 09:00:02 UZT 2015 camrec.avi available at /mnt/HD/HD_b2/smb/cam/01-02-09.00/01-02-09.00
Sun Feb  1 09:30:01 UZT 2015 removing old dir 29-01-09.30
==========
Sun Feb  1 09:30:02 UZT 2015 camrec starting. will finish after 00:29:50
Sun Feb  1 09:30:02 UZT 2015 record stoped at 01-02-09.30
Sun Feb  1 09:30:02 UZT 2015 camrec.avi available at /mnt/HD/HD_b2/smb/cam/01-02-09.30/01-02-09.30
Sun Feb  1 10:00:01 UZT 2015 removing old dir 29-01-10.00
==========
Sun Feb  1 10:00:01 UZT 2015 camrec starting. will finish after 00:29:50
Sun Feb  1 10:00:01 UZT 2015 record stoped at 01-02-10.00
Sun Feb  1 10:00:01 UZT 2015 camrec.avi available at /mnt/HD/HD_b2/smb/cam/01-02-10.00/01-02-10.00
Sun Feb  1 10:30:01 UZT 2015 removing old dir 29-01-10.30
==========
Sun Feb  1 10:30:02 UZT 2015 camrec starting. will finish after 00:29:50
Sun Feb  1 10:30:02 UZT 2015 record stoped at 01-02-10.30
Sun Feb  1 10:30:02 UZT 2015 camrec.avi available at /mnt/HD/HD_b2/smb/cam/01-02-10.30/01-02-10.30
Sun Feb  1 11:00:01 UZT 2015 removing old dir 29-01-11.00
==========
Sun Feb  1 11:00:02 UZT 2015 camrec starting. will finish after 00:29:50
Sun Feb  1 11:00:02 UZT 2015 record stoped at 01-02-11.00
Sun Feb  1 11:00:02 UZT 2015 camrec.avi available at /mnt/HD/HD_b2/smb/cam/01-02-11.00/01-02-11.00
Sun Feb  1 11:30:01 UZT 2015 removing old dir 29-01-11.30
==========
Sun Feb  1 11:30:01 UZT 2015 camrec starting. will finish after 00:29:50
Sun Feb  1 11:30:01 UZT 2015 record stoped at 01-02-11.30
Sun Feb  1 11:30:01 UZT 2015 camrec.avi available at /mnt/HD/HD_b2/smb/cam/01-02-11.30/01-02-11.30
Sun Feb  1 12:00:01 UZT 2015 removing old dir 29-01-12.00
==========
Sun Feb  1 12:00:02 UZT 2015 camrec starting. will finish after 00:29:50
Sun Feb  1 12:00:02 UZT 2015 record stoped at 01-02-12.00
Sun Feb  1 12:00:02 UZT 2015 camrec.avi available at /mnt/HD/HD_b2/smb/cam/01-02-12.00/01-02-12.00
Sun Feb  1 12:30:01 UZT 2015 removing old dir 29-01-12.30
==========
Sun Feb  1 12:30:02 UZT 2015 camrec starting. will finish after 00:29:50
Sun Feb  1 12:30:02 UZT 2015 record stoped at 01-02-12.30
Sun Feb  1 12:30:02 UZT 2015 camrec.avi available at /mnt/HD/HD_b2/smb/cam/01-02-12.30/01-02-12.30
Sun Feb  1 13:00:01 UZT 2015 removing old dir 29-01-13.00
==========
Sun Feb  1 13:00:01 UZT 2015 camrec starting. will finish after 00:29:50
Sun Feb  1 13:00:01 UZT 2015 record stoped at 01-02-13.00
Sun Feb  1 13:00:01 UZT 2015 camrec.avi available at /mnt/HD/HD_b2/smb/cam/01-02-13.00/01-02-13.00
Sun Feb  1 13:30:01 UZT 2015 removing old dir 29-01-13.30
==========
Sun Feb  1 13:30:01 UZT 2015 camrec starting. will finish after 00:29:50
Sun Feb  1 13:30:02 UZT 2015 record stoped at 01-02-13.30
Sun Feb  1 13:30:02 UZT 2015 camrec.avi available at /mnt/HD/HD_b2/smb/cam/01-02-13.30/01-02-13.30
Sun Feb  1 14:00:01 UZT 2015 removing old dir 29-01-14.00
==========
Sun Feb  1 14:00:02 UZT 2015 camrec starting. will finish after 00:29:50
Sun Feb  1 14:00:02 UZT 2015 record stoped at 01-02-14.00
Sun Feb  1 14:00:02 UZT 2015 camrec.avi available at /mnt/HD/HD_b2/smb/cam/01-02-14.00/01-02-14.00
Sun Feb  1 14:30:01 UZT 2015 removing old dir 29-01-14.30
==========
Sun Feb  1 14:30:01 UZT 2015 camrec starting. will finish after 00:29:50
Sun Feb  1 14:30:01 UZT 2015 record stoped at 01-02-14.30
Sun Feb  1 14:30:01 UZT 2015 camrec.avi available at /mnt/HD/HD_b2/smb/cam/01-02-14.30/01-02-14.30
Sun Feb  1 15:00:01 UZT 2015 removing old dir 29-01-15.00
==========
Sun Feb  1 15:00:02 UZT 2015 camrec starting. will finish after 00:29:50
Sun Feb  1 15:00:02 UZT 2015 record stoped at 01-02-15.00
Sun Feb  1 15:00:02 UZT 2015 camrec.avi available at /mnt/HD/HD_b2/smb/cam/01-02-15.00/01-02-15.00
Sun Feb  1 15:30:01 UZT 2015 removing old dir 29-01-15.30
==========
Sun Feb  1 15:30:02 UZT 2015 camrec starting. will finish after 00:29:50
Sun Feb  1 15:30:02 UZT 2015 record stoped at 01-02-15.30
Sun Feb  1 15:30:02 UZT 2015 camrec.avi available at /mnt/HD/HD_b2/smb/cam/01-02-15.30/01-02-15.30
Sun Feb  1 16:00:01 UZT 2015 removing old dir 29-01-16.00
==========
Sun Feb  1 16:00:01 UZT 2015 camrec starting. will finish after 00:29:50
Sun Feb  1 16:00:01 UZT 2015 record stoped at 01-02-16.00
Sun Feb  1 16:00:01 UZT 2015 camrec.avi available at /mnt/HD/HD_b2/smb/cam/01-02-16.00/01-02-16.00
Sun Feb  1 16:30:01 UZT 2015 removing old dir 29-01-16.30
==========
Sun Feb  1 16:30:02 UZT 2015 camrec starting. will finish after 00:29:50
Sun Feb  1 16:30:02 UZT 2015 record stoped at 01-02-16.30
Sun Feb  1 16:30:02 UZT 2015 camrec.avi available at /mnt/HD/HD_b2/smb/cam/01-02-16.30/01-02-16.30
Sun Feb  1 17:00:01 UZT 2015 removing old dir 29-01-17.00
==========
Sun Feb  1 17:00:02 UZT 2015 camrec starting. will finish after 00:29:50
Sun Feb  1 17:00:02 UZT 2015 record stoped at 01-02-17.00
Sun Feb  1 17:00:02 UZT 2015 camrec.avi available at /mnt/HD/HD_b2/smb/cam/01-02-17.00/01-02-17.00
Sun Feb  1 17:30:01 UZT 2015 removing old dir 29-01-17.30
==========
Sun Feb  1 17:30:01 UZT 2015 camrec starting. will finish after 00:29:50
Sun Feb  1 17:30:01 UZT 2015 record stoped at 01-02-17.30
Sun Feb  1 17:30:01 UZT 2015 camrec.avi available at /mnt/HD/HD_b2/smb/cam/01-02-17.30/01-02-17.30
Sun Feb  1 18:00:01 UZT 2015 removing old dir 29-01-18.00
==========
Sun Feb  1 18:00:02 UZT 2015 camrec starting. will finish after 00:29:50
Sun Feb  1 18:00:02 UZT 2015 record stoped at 01-02-18.00
Sun Feb  1 18:00:02 UZT 2015 camrec.avi available at /mnt/HD/HD_b2/smb/cam/01-02-18.00/01-02-18.00
Sun Feb  1 18:30:01 UZT 2015 removing old dir 29-01-18.30
==========
Sun Feb  1 18:30:02 UZT 2015 camrec starting. will finish after 00:29:50
Sun Feb  1 18:30:02 UZT 2015 record stoped at 01-02-18.30
Sun Feb  1 18:30:02 UZT 2015 camrec.avi available at /mnt/HD/HD_b2/smb/cam/01-02-18.30/01-02-18.30
Sun Feb  1 19:00:01 UZT 2015 removing old dir 29-01-19.00
==========
Sun Feb  1 19:00:02 UZT 2015 camrec starting. will finish after 00:29:50
Sun Feb  1 19:00:02 UZT 2015 record stoped at 01-02-19.00
Sun Feb  1 19:00:02 UZT 2015 camrec.avi available at /mnt/HD/HD_b2/smb/cam/01-02-19.00/01-02-19.00
Sun Feb  1 19:30:01 UZT 2015 removing old dir 29-01-19.30
==========
Sun Feb  1 19:30:02 UZT 2015 camrec starting. will finish after 00:29:50
Sun Feb  1 19:30:02 UZT 2015 record stoped at 01-02-19.30
Sun Feb  1 19:30:02 UZT 2015 camrec.avi available at /mnt/HD/HD_b2/smb/cam/01-02-19.30/01-02-19.30
Sun Feb  1 20:00:01 UZT 2015 removing old dir 29-01-20.00
==========
Sun Feb  1 20:00:02 UZT 2015 camrec starting. will finish after 00:29:50
Sun Feb  1 20:00:02 UZT 2015 record stoped at 01-02-20.00
Sun Feb  1 20:00:02 UZT 2015 camrec.avi available at /mnt/HD/HD_b2/smb/cam/01-02-20.00/01-02-20.00
Sun Feb  1 20:30:02 UZT 2015 removing old dir 29-01-20.30
==========
Sun Feb  1 20:30:02 UZT 2015 camrec starting. will finish after 00:29:50
Sun Feb  1 20:30:02 UZT 2015 record stoped at 01-02-20.30
Sun Feb  1 20:30:02 UZT 2015 camrec.avi available at /mnt/HD/HD_b2/smb/cam/01-02-20.30/01-02-20.30
Sun Feb  1 21:00:01 UZT 2015 removing old dir 29-01-21.00
==========
Sun Feb  1 21:00:01 UZT 2015 camrec starting. will finish after 00:29:50
Sun Feb  1 21:00:01 UZT 2015 record stoped at 01-02-21.00
Sun Feb  1 21:00:01 UZT 2015 camrec.avi available at /mnt/HD/HD_b2/smb/cam/01-02-21.00/01-02-21.00
Sun Feb  1 21:30:01 UZT 2015 removing old dir 29-01-21.30
==========
Sun Feb  1 21:30:02 UZT 2015 camrec starting. will finish after 00:29:50
Sun Feb  1 21:30:02 UZT 2015 record stoped at 01-02-21.30
Sun Feb  1 21:30:02 UZT 2015 camrec.avi available at /mnt/HD/HD_b2/smb/cam/01-02-21.30/01-02-21.30
Sun Feb  1 22:00:02 UZT 2015 removing old dir 29-01-22.00
==========
Sun Feb  1 22:00:02 UZT 2015 camrec starting. will finish after 00:29:50
Sun Feb  1 22:00:02 UZT 2015 record stoped at 01-02-22.00
Sun Feb  1 22:00:02 UZT 2015 camrec.avi available at /mnt/HD/HD_b2/smb/cam/01-02-22.00/01-02-22.00
Sun Feb  1 22:30:01 UZT 2015 removing old dir 29-01-22.30
==========
Sun Feb  1 22:30:02 UZT 2015 camrec starting. will finish after 00:29:50
Sun Feb  1 22:30:02 UZT 2015 record stoped at 01-02-22.30
Sun Feb  1 22:30:02 UZT 2015 camrec.avi available at /mnt/HD/HD_b2/smb/cam/01-02-22.30/01-02-22.30
Sun Feb  1 23:00:01 UZT 2015 removing old dir 29-01-23.00
==========
Sun Feb  1 23:00:02 UZT 2015 camrec starting. will finish after 00:29:50
Sun Feb  1 23:00:02 UZT 2015 record stoped at 01-02-23.00
Sun Feb  1 23:00:02 UZT 2015 camrec.avi available at /mnt/HD/HD_b2/smb/cam/01-02-23.00/01-02-23.00
Sun Feb  1 23:30:02 UZT 2015 removing old dir 29-01-23.30
==========
Sun Feb  1 23:30:02 UZT 2015 camrec starting. will finish after 00:29:50
Sun Feb  1 23:30:02 UZT 2015 record stoped at 01-02-23.30
Sun Feb  1 23:30:02 UZT 2015 camrec.avi available at /mnt/HD/HD_b2/smb/cam/01-02-23.30/01-02-23.30
Mon Feb  2 00:00:01 UZT 2015 removing old dir 30-01-00.00
==========
Mon Feb  2 00:00:01 UZT 2015 camrec starting. will finish after 00:29:50
Mon Feb  2 00:00:01 UZT 2015 record stoped at 02-02-00.00
Mon Feb  2 00:00:01 UZT 2015 camrec.avi available at /mnt/HD/HD_b2/smb/cam/02-02-00.00/02-02-00.00
Mon Feb  2 00:30:01 UZT 2015 removing old dir 30-01-00.30
==========
Mon Feb  2 00:30:02 UZT 2015 camrec starting. will finish after 00:29:50
Mon Feb  2 00:30:02 UZT 2015 record stoped at 02-02-00.30
Mon Feb  2 00:30:02 UZT 2015 camrec.avi available at /mnt/HD/HD_b2/smb/cam/02-02-00.30/02-02-00.30
Mon Feb  2 01:00:02 UZT 2015 removing old dir 30-01-01.00
==========
Mon Feb  2 01:00:02 UZT 2015 camrec starting. will finish after 00:29:50
Mon Feb  2 01:00:02 UZT 2015 record stoped at 02-02-01.00
Mon Feb  2 01:00:02 UZT 2015 camrec.avi available at /mnt/HD/HD_b2/smb/cam/02-02-01.00/02-02-01.00
Mon Feb  2 01:30:01 UZT 2015 removing old dir 30-01-01.30
==========
Mon Feb  2 01:30:01 UZT 2015 camrec starting. will finish after 00:29:50
Mon Feb  2 01:30:01 UZT 2015 record stoped at 02-02-01.30
Mon Feb  2 01:30:01 UZT 2015 camrec.avi available at /mnt/HD/HD_b2/smb/cam/02-02-01.30/02-02-01.30
Mon Feb  2 02:00:01 UZT 2015 removing old dir 30-01-02.00
==========
Mon Feb  2 02:00:01 UZT 2015 camrec starting. will finish after 00:29:50
Mon Feb  2 02:00:01 UZT 2015 record stoped at 02-02-02.00
Mon Feb  2 02:00:01 UZT 2015 camrec.avi available at /mnt/HD/HD_b2/smb/cam/02-02-02.00/02-02-02.00
Mon Feb  2 02:30:03 UZT 2015 removing old dir 30-01-02.30
==========
Mon Feb  2 02:30:03 UZT 2015 camrec starting. will finish after 00:29:50
Mon Feb  2 02:30:03 UZT 2015 record stoped at 02-02-02.30
Mon Feb  2 02:30:03 UZT 2015 camrec.avi available at /mnt/HD/HD_b2/smb/cam/02-02-02.30/02-02-02.30
Mon Feb  2 03:00:01 UZT 2015 removing old dir 30-01-03.00
==========
Mon Feb  2 03:00:01 UZT 2015 camrec starting. will finish after 00:29:50
Mon Feb  2 03:00:01 UZT 2015 record stoped at 02-02-03.00
Mon Feb  2 03:00:01 UZT 2015 camrec.avi available at /mnt/HD/HD_b2/smb/cam/02-02-03.00/02-02-03.00
Mon Feb  2 03:30:01 UZT 2015 removing old dir 30-01-03.30
==========
Mon Feb  2 03:30:02 UZT 2015 camrec starting. will finish after 00:29:50
Mon Feb  2 03:30:02 UZT 2015 record stoped at 02-02-03.30
Mon Feb  2 03:30:02 UZT 2015 camrec.avi available at /mnt/HD/HD_b2/smb/cam/02-02-03.30/02-02-03.30
Mon Feb  2 04:00:02 UZT 2015 removing old dir 30-01-04.00
==========
Mon Feb  2 04:00:02 UZT 2015 camrec starting. will finish after 00:29:50
Mon Feb  2 04:00:02 UZT 2015 record stoped at 02-02-04.00
Mon Feb  2 04:00:02 UZT 2015 camrec.avi available at /mnt/HD/HD_b2/smb/cam/02-02-04.00/02-02-04.00
Mon Feb  2 04:30:01 UZT 2015 removing old dir 30-01-04.30
==========
Mon Feb  2 04:30:01 UZT 2015 camrec starting. will finish after 00:29:50
Mon Feb  2 04:30:01 UZT 2015 record stoped at 02-02-04.30
Mon Feb  2 04:30:01 UZT 2015 camrec.avi available at /mnt/HD/HD_b2/smb/cam/02-02-04.30/02-02-04.30
Mon Feb  2 05:00:01 UZT 2015 removing old dir 30-01-05.00
==========
Mon Feb  2 05:00:02 UZT 2015 camrec starting. will finish after 00:29:50
Mon Feb  2 05:00:02 UZT 2015 record stoped at 02-02-05.00
Mon Feb  2 05:00:02 UZT 2015 camrec.avi available at /mnt/HD/HD_b2/smb/cam/02-02-05.00/02-02-05.00
Mon Feb  2 05:30:02 UZT 2015 removing old dir 30-01-05.30
==========
Mon Feb  2 05:30:02 UZT 2015 camrec starting. will finish after 00:29:50
Mon Feb  2 05:30:02 UZT 2015 record stoped at 02-02-05.30
Mon Feb  2 05:30:02 UZT 2015 camrec.avi available at /mnt/HD/HD_b2/smb/cam/02-02-05.30/02-02-05.30
Mon Feb  2 06:00:01 UZT 2015 removing old dir 30-01-06.00
==========
Mon Feb  2 06:00:01 UZT 2015 camrec starting. will finish after 00:29:50
Mon Feb  2 06:00:01 UZT 2015 record stoped at 02-02-06.00
Mon Feb  2 06:00:01 UZT 2015 camrec.avi available at /mnt/HD/HD_b2/smb/cam/02-02-06.00/02-02-06.00
Mon Feb  2 06:30:01 UZT 2015 removing old dir 30-01-06.30
==========
Mon Feb  2 06:30:02 UZT 2015 camrec starting. will finish after 00:29:50
Mon Feb  2 06:30:02 UZT 2015 record stoped at 02-02-06.30
Mon Feb  2 06:30:02 UZT 2015 camrec.avi available at /mnt/HD/HD_b2/smb/cam/02-02-06.30/02-02-06.30
Mon Feb  2 07:00:02 UZT 2015 removing old dir 30-01-07.00
==========
Mon Feb  2 07:00:02 UZT 2015 camrec starting. will finish after 00:29:50
Mon Feb  2 07:00:02 UZT 2015 record stoped at 02-02-07.00
Mon Feb  2 07:00:02 UZT 2015 camrec.avi available at /mnt/HD/HD_b2/smb/cam/02-02-07.00/02-02-07.00
Mon Feb  2 07:30:01 UZT 2015 removing old dir 30-01-07.30
==========
Mon Feb  2 07:30:01 UZT 2015 camrec starting. will finish after 00:29:50
Mon Feb  2 07:30:01 UZT 2015 record stoped at 02-02-07.30
Mon Feb  2 07:30:01 UZT 2015 camrec.avi available at /mnt/HD/HD_b2/smb/cam/02-02-07.30/02-02-07.30
Mon Feb  2 08:00:01 UZT 2015 removing old dir 30-01-08.00
==========
Mon Feb  2 08:00:02 UZT 2015 camrec starting. will finish after 00:29:50
Mon Feb  2 08:00:02 UZT 2015 record stoped at 02-02-08.00
Mon Feb  2 08:00:02 UZT 2015 camrec.avi available at /mnt/HD/HD_b2/smb/cam/02-02-08.00/02-02-08.00
Mon Feb  2 08:30:02 UZT 2015 removing old dir 30-01-08.30
==========
Mon Feb  2 08:30:02 UZT 2015 camrec starting. will finish after 00:29:50
Mon Feb  2 08:30:02 UZT 2015 record stoped at 02-02-08.30
Mon Feb  2 08:30:02 UZT 2015 camrec.avi available at /mnt/HD/HD_b2/smb/cam/02-02-08.30/02-02-08.30
Mon Feb  2 09:00:01 UZT 2015 removing old dir 30-01-09.00
==========
Mon Feb  2 09:00:02 UZT 2015 camrec starting. will finish after 00:29:50
Mon Feb  2 09:00:02 UZT 2015 record stoped at 02-02-09.00
Mon Feb  2 09:00:02 UZT 2015 camrec.avi available at /mnt/HD/HD_b2/smb/cam/02-02-09.00/02-02-09.00
Mon Feb  2 09:30:01 UZT 2015 removing old dir 30-01-09.30
==========
Mon Feb  2 09:30:02 UZT 2015 camrec starting. will finish after 00:29:50
Mon Feb  2 09:30:02 UZT 2015 record stoped at 02-02-09.30
Mon Feb  2 09:30:02 UZT 2015 camrec.avi available at /mnt/HD/HD_b2/smb/cam/02-02-09.30/02-02-09.30
Mon Feb  2 10:00:01 UZT 2015 removing old dir 30-01-10.00
==========
Mon Feb  2 10:00:02 UZT 2015 camrec starting. will finish after 00:29:50
Mon Feb  2 10:00:03 UZT 2015 record stoped at 02-02-10.00
Mon Feb  2 10:00:03 UZT 2015 camrec.avi available at /mnt/HD/HD_b2/smb/cam/02-02-10.00/02-02-10.00
Mon Feb  2 10:30:01 UZT 2015 removing old dir 30-01-10.30
==========
Mon Feb  2 10:30:02 UZT 2015 camrec starting. will finish after 00:29:50
Mon Feb  2 10:30:02 UZT 2015 record stoped at 02-02-10.30
Mon Feb  2 10:30:02 UZT 2015 camrec.avi available at /mnt/HD/HD_b2/smb/cam/02-02-10.30/02-02-10.30
Mon Feb  2 11:00:01 UZT 2015 removing old dir 30-01-11.00
==========
Mon Feb  2 11:00:02 UZT 2015 camrec starting. will finish after 00:29:50
Mon Feb  2 11:00:02 UZT 2015 record stoped at 02-02-11.00
Mon Feb  2 11:00:02 UZT 2015 camrec.avi available at /mnt/HD/HD_b2/smb/cam/02-02-11.00/02-02-11.00
Mon Feb  2 11:30:01 UZT 2015 removing old dir 30-01-11.30
==========
Mon Feb  2 11:30:02 UZT 2015 camrec starting. will finish after 00:29:50
Mon Feb  2 11:30:02 UZT 2015 record stoped at 02-02-11.30
Mon Feb  2 11:30:02 UZT 2015 camrec.avi available at /mnt/HD/HD_b2/smb/cam/02-02-11.30/02-02-11.30
Mon Feb  2 12:00:01 UZT 2015 removing old dir 30-01-12.00
==========
Mon Feb  2 12:00:02 UZT 2015 camrec starting. will finish after 00:29:50
Mon Feb  2 12:00:02 UZT 2015 record stoped at 02-02-12.00
Mon Feb  2 12:00:02 UZT 2015 camrec.avi available at /mnt/HD/HD_b2/smb/cam/02-02-12.00/02-02-12.00
Mon Feb  2 12:30:01 UZT 2015 removing old dir 30-01-12.30
==========
Mon Feb  2 12:30:01 UZT 2015 camrec starting. will finish after 00:29:50
Mon Feb  2 12:30:01 UZT 2015 record stoped at 02-02-12.30
Mon Feb  2 12:30:01 UZT 2015 camrec.avi available at /mnt/HD/HD_b2/smb/cam/02-02-12.30/02-02-12.30
Mon Feb  2 13:00:01 UZT 2015 removing old dir 30-01-13.00
==========
Mon Feb  2 13:00:02 UZT 2015 camrec starting. will finish after 00:29:50
Mon Feb  2 13:00:02 UZT 2015 record stoped at 02-02-13.00
Mon Feb  2 13:00:02 UZT 2015 camrec.avi available at /mnt/HD/HD_b2/smb/cam/02-02-13.00/02-02-13.00
Mon Feb  2 13:30:01 UZT 2015 removing old dir 30-01-13.30
==========
Mon Feb  2 13:30:02 UZT 2015 camrec starting. will finish after 00:29:50
Mon Feb  2 13:30:02 UZT 2015 record stoped at 02-02-13.30
Mon Feb  2 13:30:02 UZT 2015 camrec.avi available at /mnt/HD/HD_b2/smb/cam/02-02-13.30/02-02-13.30
Mon Feb  2 14:00:01 UZT 2015 removing old dir 30-01-14.00
==========
Mon Feb  2 14:00:01 UZT 2015 camrec starting. will finish after 00:29:50
Mon Feb  2 14:00:02 UZT 2015 record stoped at 02-02-14.00
Mon Feb  2 14:00:02 UZT 2015 camrec.avi available at /mnt/HD/HD_b2/smb/cam/02-02-14.00/02-02-14.00
Mon Feb  2 14:30:01 UZT 2015 removing old dir 30-01-14.30
==========
Mon Feb  2 14:30:02 UZT 2015 camrec starting. will finish after 00:29:50
Mon Feb  2 14:30:02 UZT 2015 record stoped at 02-02-14.30
Mon Feb  2 14:30:02 UZT 2015 camrec.avi available at /mnt/HD/HD_b2/smb/cam/02-02-14.30/02-02-14.30
Mon Feb  2 15:00:01 UZT 2015 removing old dir 30-01-15.00
==========
Mon Feb  2 15:00:02 UZT 2015 camrec starting. will finish after 00:29:50
Mon Feb  2 15:00:02 UZT 2015 record stoped at 02-02-15.00
Mon Feb  2 15:00:02 UZT 2015 camrec.avi available at /mnt/HD/HD_b2/smb/cam/02-02-15.00/02-02-15.00
Mon Feb  2 15:30:01 UZT 2015 removing old dir 30-01-15.30
==========
Mon Feb  2 15:30:01 UZT 2015 camrec starting. will finish after 00:29:50
Mon Feb  2 15:30:01 UZT 2015 record stoped at 02-02-15.30
Mon Feb  2 15:30:01 UZT 2015 camrec.avi available at /mnt/HD/HD_b2/smb/cam/02-02-15.30/02-02-15.30
Mon Feb  2 16:00:01 UZT 2015 removing old dir 30-01-16.00
==========
Mon Feb  2 16:00:02 UZT 2015 camrec starting. will finish after 00:29:50
Mon Feb  2 16:00:02 UZT 2015 record stoped at 02-02-16.00
Mon Feb  2 16:00:02 UZT 2015 camrec.avi available at /mnt/HD/HD_b2/smb/cam/02-02-16.00/02-02-16.00
Mon Feb  2 16:30:01 UZT 2015 removing old dir 30-01-16.30
==========
Mon Feb  2 16:30:02 UZT 2015 camrec starting. will finish after 00:29:50
Mon Feb  2 16:30:02 UZT 2015 record stoped at 02-02-16.30
Mon Feb  2 16:30:02 UZT 2015 camrec.avi available at /mnt/HD/HD_b2/smb/cam/02-02-16.30/02-02-16.30
Mon Feb  2 17:00:01 UZT 2015 removing old dir 30-01-17.00
==========
Mon Feb  2 17:00:01 UZT 2015 camrec starting. will finish after 00:29:50
Mon Feb  2 17:00:02 UZT 2015 record stoped at 02-02-17.00
Mon Feb  2 17:00:02 UZT 2015 camrec.avi available at /mnt/HD/HD_b2/smb/cam/02-02-17.00/02-02-17.00
Mon Feb  2 17:30:01 UZT 2015 removing old dir 30-01-17.30
==========
Mon Feb  2 17:30:02 UZT 2015 camrec starting. will finish after 00:29:50
Mon Feb  2 17:30:02 UZT 2015 record stoped at 02-02-17.30
Mon Feb  2 17:30:02 UZT 2015 camrec.avi available at /mnt/HD/HD_b2/smb/cam/02-02-17.30/02-02-17.30
Mon Feb  2 18:00:01 UZT 2015 removing old dir 30-01-18.00
==========
Mon Feb  2 18:00:02 UZT 2015 camrec starting. will finish after 00:29:50
Mon Feb  2 18:00:02 UZT 2015 record stoped at 02-02-18.00
Mon Feb  2 18:00:02 UZT 2015 camrec.avi available at /mnt/HD/HD_b2/smb/cam/02-02-18.00/02-02-18.00
Mon Feb  2 18:30:01 UZT 2015 removing old dir 30-01-18.30
==========
Mon Feb  2 18:30:01 UZT 2015 camrec starting. will finish after 00:29:50
Mon Feb  2 18:30:01 UZT 2015 record stoped at 02-02-18.30
Mon Feb  2 18:30:01 UZT 2015 camrec.avi available at /mnt/HD/HD_b2/smb/cam/02-02-18.30/02-02-18.30
Mon Feb  2 19:00:01 UZT 2015 removing old dir 30-01-19.00
==========
Mon Feb  2 19:00:01 UZT 2015 camrec starting. will finish after 00:29:50
Mon Feb  2 19:00:02 UZT 2015 record stoped at 02-02-19.00
Mon Feb  2 19:00:02 UZT 2015 camrec.avi available at /mnt/HD/HD_b2/smb/cam/02-02-19.00/02-02-19.00
Mon Feb  2 19:30:01 UZT 2015 removing old dir 30-01-19.30
==========
Mon Feb  2 19:30:02 UZT 2015 camrec starting. will finish after 00:29:50
Mon Feb  2 19:30:02 UZT 2015 record stoped at 02-02-19.30
Mon Feb  2 19:30:02 UZT 2015 camrec.avi available at /mnt/HD/HD_b2/smb/cam/02-02-19.30/02-02-19.30
Mon Feb  2 20:00:01 UZT 2015 removing old dir 30-01-20.00
==========
Mon Feb  2 20:00:01 UZT 2015 camrec starting. will finish after 00:29:50
Mon Feb  2 20:00:01 UZT 2015 record stoped at 02-02-20.00
Mon Feb  2 20:00:01 UZT 2015 camrec.avi available at /mnt/HD/HD_b2/smb/cam/02-02-20.00/02-02-20.00
Mon Feb  2 20:30:01 UZT 2015 removing old dir 30-01-20.30
==========
Mon Feb  2 20:30:01 UZT 2015 camrec starting. will finish after 00:29:50
Mon Feb  2 20:30:02 UZT 2015 record stoped at 02-02-20.30
Mon Feb  2 20:30:02 UZT 2015 camrec.avi available at /mnt/HD/HD_b2/smb/cam/02-02-20.30/02-02-20.30
Mon Feb  2 21:00:01 UZT 2015 removing old dir 30-01-21.00
==========
Mon Feb  2 21:00:02 UZT 2015 camrec starting. will finish after 00:29:50
Mon Feb  2 21:00:02 UZT 2015 record stoped at 02-02-21.00
Mon Feb  2 21:00:02 UZT 2015 camrec.avi available at /mnt/HD/HD_b2/smb/cam/02-02-21.00/02-02-21.00
Mon Feb  2 21:30:01 UZT 2015 removing old dir 30-01-21.30
==========
Mon Feb  2 21:30:01 UZT 2015 camrec starting. will finish after 00:29:50
Mon Feb  2 21:30:01 UZT 2015 record stoped at 02-02-21.30
Mon Feb  2 21:30:01 UZT 2015 camrec.avi available at /mnt/HD/HD_b2/smb/cam/02-02-21.30/02-02-21.30
Mon Feb  2 22:00:01 UZT 2015 removing old dir 30-01-22.00
==========
Mon Feb  2 22:00:02 UZT 2015 camrec starting. will finish after 00:29:50
Mon Feb  2 22:00:02 UZT 2015 record stoped at 02-02-22.00
Mon Feb  2 22:00:02 UZT 2015 camrec.avi available at /mnt/HD/HD_b2/smb/cam/02-02-22.00/02-02-22.00
Mon Feb  2 22:30:01 UZT 2015 removing old dir 30-01-22.30
==========
Mon Feb  2 22:30:02 UZT 2015 camrec starting. will finish after 00:29:50
Mon Feb  2 22:30:02 UZT 2015 record stoped at 02-02-22.30
Mon Feb  2 22:30:02 UZT 2015 camrec.avi available at /mnt/HD/HD_b2/smb/cam/02-02-22.30/02-02-22.30
Mon Feb  2 23:00:01 UZT 2015 removing old dir 30-01-23.00
==========
Mon Feb  2 23:00:01 UZT 2015 camrec starting. will finish after 00:29:50
Mon Feb  2 23:00:01 UZT 2015 record stoped at 02-02-23.00
Mon Feb  2 23:00:01 UZT 2015 camrec.avi available at /mnt/HD/HD_b2/smb/cam/02-02-23.00/02-02-23.00
Mon Feb  2 23:30:01 UZT 2015 removing old dir 30-01-23.30
==========
Mon Feb  2 23:30:01 UZT 2015 camrec starting. will finish after 00:29:50
Mon Feb  2 23:30:02 UZT 2015 record stoped at 02-02-23.30
Mon Feb  2 23:30:02 UZT 2015 camrec.avi available at /mnt/HD/HD_b2/smb/cam/02-02-23.30/02-02-23.30
Tue Feb  3 00:00:01 UZT 2015 removing old dir 31-01-00.00
==========
Tue Feb  3 00:00:02 UZT 2015 camrec starting. will finish after 00:29:50
Tue Feb  3 00:00:02 UZT 2015 record stoped at 03-02-00.00
Tue Feb  3 00:00:02 UZT 2015 camrec.avi available at /mnt/HD/HD_b2/smb/cam/03-02-00.00/03-02-00.00
Tue Feb  3 00:30:01 UZT 2015 removing old dir 31-01-00.30
==========
Tue Feb  3 00:30:01 UZT 2015 camrec starting. will finish after 00:29:50
Tue Feb  3 00:30:01 UZT 2015 record stoped at 03-02-00.30
Tue Feb  3 00:30:01 UZT 2015 camrec.avi available at /mnt/HD/HD_b2/smb/cam/03-02-00.30/03-02-00.30
Tue Feb  3 01:00:01 UZT 2015 removing old dir 31-01-01.00
==========
Tue Feb  3 01:00:01 UZT 2015 camrec starting. will finish after 00:29:50
Tue Feb  3 01:00:01 UZT 2015 record stoped at 03-02-01.00
Tue Feb  3 01:00:01 UZT 2015 camrec.avi available at /mnt/HD/HD_b2/smb/cam/03-02-01.00/03-02-01.00
Tue Feb  3 01:30:01 UZT 2015 removing old dir 31-01-01.30
==========
Tue Feb  3 01:30:02 UZT 2015 camrec starting. will finish after 00:29:50
Tue Feb  3 01:30:02 UZT 2015 record stoped at 03-02-01.30
Tue Feb  3 01:30:02 UZT 2015 camrec.avi available at /mnt/HD/HD_b2/smb/cam/03-02-01.30/03-02-01.30
Tue Feb  3 02:00:01 UZT 2015 removing old dir 31-01-02.00
==========
Tue Feb  3 02:00:01 UZT 2015 camrec starting. will finish after 00:29:50
Tue Feb  3 02:00:01 UZT 2015 record stoped at 03-02-02.00
Tue Feb  3 02:00:01 UZT 2015 camrec.avi available at /mnt/HD/HD_b2/smb/cam/03-02-02.00/03-02-02.00
Tue Feb  3 02:30:02 UZT 2015 removing old dir 31-01-02.30
==========
Tue Feb  3 02:30:03 UZT 2015 camrec starting. will finish after 00:29:50
Tue Feb  3 02:30:03 UZT 2015 record stoped at 03-02-02.30
Tue Feb  3 02:30:03 UZT 2015 camrec.avi available at /mnt/HD/HD_b2/smb/cam/03-02-02.30/03-02-02.30
Tue Feb  3 03:00:02 UZT 2015 removing old dir 31-01-03.00
==========
Tue Feb  3 03:00:02 UZT 2015 camrec starting. will finish after 00:29:50
Tue Feb  3 03:00:02 UZT 2015 record stoped at 03-02-03.00
Tue Feb  3 03:00:02 UZT 2015 camrec.avi available at /mnt/HD/HD_b2/smb/cam/03-02-03.00/03-02-03.00
Tue Feb  3 03:30:01 UZT 2015 removing old dir 31-01-03.30
==========
Tue Feb  3 03:30:01 UZT 2015 camrec starting. will finish after 00:29:50
Tue Feb  3 03:30:01 UZT 2015 record stoped at 03-02-03.30
Tue Feb  3 03:30:01 UZT 2015 camrec.avi available at /mnt/HD/HD_b2/smb/cam/03-02-03.30/03-02-03.30
Tue Feb  3 04:00:01 UZT 2015 removing old dir 31-01-04.00
==========
Tue Feb  3 04:00:01 UZT 2015 camrec starting. will finish after 00:29:50
Tue Feb  3 04:00:01 UZT 2015 record stoped at 03-02-04.00
Tue Feb  3 04:00:01 UZT 2015 camrec.avi available at /mnt/HD/HD_b2/smb/cam/03-02-04.00/03-02-04.00
Tue Feb  3 04:30:02 UZT 2015 removing old dir 31-01-04.30
==========
Tue Feb  3 04:30:02 UZT 2015 camrec starting. will finish after 00:29:50
Tue Feb  3 04:30:02 UZT 2015 record stoped at 03-02-04.30
Tue Feb  3 04:30:02 UZT 2015 camrec.avi available at /mnt/HD/HD_b2/smb/cam/03-02-04.30/03-02-04.30
Tue Feb  3 05:00:01 UZT 2015 removing old dir 31-01-05.00
==========
Tue Feb  3 05:00:01 UZT 2015 camrec starting. will finish after 00:29:50
Tue Feb  3 05:00:01 UZT 2015 record stoped at 03-02-05.00
Tue Feb  3 05:00:01 UZT 2015 camrec.avi available at /mnt/HD/HD_b2/smb/cam/03-02-05.00/03-02-05.00
Tue Feb  3 05:30:01 UZT 2015 removing old dir 31-01-05.30
==========
Tue Feb  3 05:30:01 UZT 2015 camrec starting. will finish after 00:29:50
Tue Feb  3 05:30:02 UZT 2015 record stoped at 03-02-05.30
Tue Feb  3 05:30:02 UZT 2015 camrec.avi available at /mnt/HD/HD_b2/smb/cam/03-02-05.30/03-02-05.30
Tue Feb  3 06:00:02 UZT 2015 removing old dir 31-01-06.00
==========
Tue Feb  3 06:00:02 UZT 2015 camrec starting. will finish after 00:29:50
Tue Feb  3 06:00:02 UZT 2015 record stoped at 03-02-06.00
Tue Feb  3 06:00:02 UZT 2015 camrec.avi available at /mnt/HD/HD_b2/smb/cam/03-02-06.00/03-02-06.00
Tue Feb  3 06:30:01 UZT 2015 removing old dir 31-01-06.30
==========
Tue Feb  3 06:30:01 UZT 2015 camrec starting. will finish after 00:29:50
Tue Feb  3 06:30:01 UZT 2015 record stoped at 03-02-06.30
Tue Feb  3 06:30:01 UZT 2015 camrec.avi available at /mnt/HD/HD_b2/smb/cam/03-02-06.30/03-02-06.30
Tue Feb  3 07:00:01 UZT 2015 removing old dir 31-01-07.00
==========
Tue Feb  3 07:00:02 UZT 2015 camrec starting. will finish after 00:29:50
Tue Feb  3 07:00:02 UZT 2015 record stoped at 03-02-07.00
Tue Feb  3 07:00:02 UZT 2015 camrec.avi available at /mnt/HD/HD_b2/smb/cam/03-02-07.00/03-02-07.00
Tue Feb  3 07:30:02 UZT 2015 removing old dir 31-01-07.30
==========
Tue Feb  3 07:30:02 UZT 2015 camrec starting. will finish after 00:29:50
Tue Feb  3 07:30:02 UZT 2015 record stoped at 03-02-07.30
Tue Feb  3 07:30:02 UZT 2015 camrec.avi available at /mnt/HD/HD_b2/smb/cam/03-02-07.30/03-02-07.30
Tue Feb  3 08:00:01 UZT 2015 removing old dir 31-01-08.00
==========
Tue Feb  3 08:00:01 UZT 2015 camrec starting. will finish after 00:29:50
Tue Feb  3 08:00:01 UZT 2015 record stoped at 03-02-08.00
Tue Feb  3 08:00:01 UZT 2015 camrec.avi available at /mnt/HD/HD_b2/smb/cam/03-02-08.00/03-02-08.00
Tue Feb  3 08:30:01 UZT 2015 removing old dir 31-01-08.30
==========
Tue Feb  3 08:30:02 UZT 2015 camrec starting. will finish after 00:29:50
Tue Feb  3 08:30:02 UZT 2015 record stoped at 03-02-08.30
Tue Feb  3 08:30:02 UZT 2015 camrec.avi available at /mnt/HD/HD_b2/smb/cam/03-02-08.30/03-02-08.30
Tue Feb  3 09:00:01 UZT 2015 removing old dir 31-01-09.00
==========
Tue Feb  3 09:00:02 UZT 2015 camrec starting. will finish after 00:29:50
Tue Feb  3 09:00:02 UZT 2015 record stoped at 03-02-09.00
Tue Feb  3 09:00:02 UZT 2015 camrec.avi available at /mnt/HD/HD_b2/smb/cam/03-02-09.00/03-02-09.00
Tue Feb  3 09:30:01 UZT 2015 removing old dir 31-01-09.30
==========
Tue Feb  3 09:30:01 UZT 2015 camrec starting. will finish after 00:29:50
Tue Feb  3 09:30:01 UZT 2015 record stoped at 03-02-09.30
Tue Feb  3 09:30:01 UZT 2015 camrec.avi available at /mnt/HD/HD_b2/smb/cam/03-02-09.30/03-02-09.30
Tue Feb  3 10:00:01 UZT 2015 removing old dir 31-01-10.00
==========
Tue Feb  3 10:00:02 UZT 2015 camrec starting. will finish after 00:29:50
Tue Feb  3 10:00:02 UZT 2015 record stoped at 03-02-10.00
Tue Feb  3 10:00:02 UZT 2015 camrec.avi available at /mnt/HD/HD_b2/smb/cam/03-02-10.00/03-02-10.00
Tue Feb  3 10:30:01 UZT 2015 removing old dir 31-01-10.30
==========
Tue Feb  3 10:30:02 UZT 2015 camrec starting. will finish after 00:29:50
Tue Feb  3 10:30:02 UZT 2015 record stoped at 03-02-10.30
Tue Feb  3 10:30:02 UZT 2015 camrec.avi available at /mnt/HD/HD_b2/smb/cam/03-02-10.30/03-02-10.30
Tue Feb  3 11:00:01 UZT 2015 removing old dir 31-01-11.00
==========
Tue Feb  3 11:00:01 UZT 2015 camrec starting. will finish after 00:29:50
Tue Feb  3 11:00:01 UZT 2015 record stoped at 03-02-11.00
Tue Feb  3 11:00:01 UZT 2015 camrec.avi available at /mnt/HD/HD_b2/smb/cam/03-02-11.00/03-02-11.00
Tue Feb  3 11:30:01 UZT 2015 removing old dir 31-01-11.30
==========
Tue Feb  3 11:30:02 UZT 2015 camrec starting. will finish after 00:29:50
Tue Feb  3 11:30:02 UZT 2015 record stoped at 03-02-11.30
Tue Feb  3 11:30:02 UZT 2015 camrec.avi available at /mnt/HD/HD_b2/smb/cam/03-02-11.30/03-02-11.30
Tue Feb  3 12:00:01 UZT 2015 removing old dir 31-01-12.00
==========
Tue Feb  3 12:00:02 UZT 2015 camrec starting. will finish after 00:29:50
Tue Feb  3 12:00:02 UZT 2015 record stoped at 03-02-12.00
Tue Feb  3 12:00:02 UZT 2015 camrec.avi available at /mnt/HD/HD_b2/smb/cam/03-02-12.00/03-02-12.00
Tue Feb  3 12:30:01 UZT 2015 removing old dir 31-01-12.30
==========
Tue Feb  3 12:30:01 UZT 2015 camrec starting. will finish after 00:29:50
Tue Feb  3 12:30:01 UZT 2015 record stoped at 03-02-12.30
Tue Feb  3 12:30:01 UZT 2015 camrec.avi available at /mnt/HD/HD_b2/smb/cam/03-02-12.30/03-02-12.30
Tue Feb  3 13:00:01 UZT 2015 removing old dir 31-01-13.00
==========
Tue Feb  3 13:00:01 UZT 2015 camrec starting. will finish after 00:29:50
Tue Feb  3 13:00:02 UZT 2015 record stoped at 03-02-13.00
Tue Feb  3 13:00:02 UZT 2015 camrec.avi available at /mnt/HD/HD_b2/smb/cam/03-02-13.00/03-02-13.00
Tue Feb  3 13:30:01 UZT 2015 removing old dir 31-01-13.30
==========
Tue Feb  3 13:30:02 UZT 2015 camrec starting. will finish after 00:29:50
Tue Feb  3 13:30:02 UZT 2015 record stoped at 03-02-13.30
Tue Feb  3 13:30:02 UZT 2015 camrec.avi available at /mnt/HD/HD_b2/smb/cam/03-02-13.30/03-02-13.30
Tue Feb  3 14:00:01 UZT 2015 removing old dir 31-01-14.00
==========
Tue Feb  3 14:00:01 UZT 2015 camrec starting. will finish after 00:29:50
Tue Feb  3 14:00:01 UZT 2015 record stoped at 03-02-14.00
Tue Feb  3 14:00:01 UZT 2015 camrec.avi available at /mnt/HD/HD_b2/smb/cam/03-02-14.00/03-02-14.00
Tue Feb  3 14:30:01 UZT 2015 removing old dir 31-01-14.30
==========
Tue Feb  3 14:30:01 UZT 2015 camrec starting. will finish after 00:29:50
Tue Feb  3 14:30:02 UZT 2015 record stoped at 03-02-14.30
Tue Feb  3 14:30:02 UZT 2015 camrec.avi available at /mnt/HD/HD_b2/smb/cam/03-02-14.30/03-02-14.30
Tue Feb  3 15:00:01 UZT 2015 removing old dir 31-01-15.00
==========
Tue Feb  3 15:00:02 UZT 2015 camrec starting. will finish after 00:29:50
Tue Feb  3 15:00:02 UZT 2015 record stoped at 03-02-15.00
Tue Feb  3 15:00:02 UZT 2015 camrec.avi available at /mnt/HD/HD_b2/smb/cam/03-02-15.00/03-02-15.00
==========
Tue Feb  3 15:19:03 UZT 2015 camrec starting. will finish after 00:29:50
Tue Feb  3 15:19:03 UZT 2015 record stoped at 03-02-15.19
Tue Feb  3 15:19:03 UZT 2015 camrec.avi available at /mnt/HD/HD_b2/smb/cam/03-02-15.19/03-02-15.19
==========
Tue Feb  3 15:21:50 UZT 2015 camrec starting. will finish after 00:29:50
==========
Tue Feb  3 15:21:50 UZT 2015 camrec starting. will finish after 00:29:50
Tue Feb  3 15:21:50 UZT 2015 record stoped at 03-02-15.21
Tue Feb  3 15:21:50 UZT 2015 camrec.avi available at /mnt/HD/HD_b2/smb/cam/03-02-15.21/03-02-15.21
Tue Feb  3 15:21:50 UZT 2015 record stoped at 03-02-15.21
Tue Feb  3 15:21:50 UZT 2015 camrec.avi available at /mnt/HD/HD_b2/smb/cam/03-02-15.21/03-02-15.21
==========
Tue Feb  3 15:23:00 UZT 2015 camrec starting. will finish after 00:29:50
==========
Tue Feb  3 15:23:00 UZT 2015 camrec starting. will finish after 00:29:50
Tue Feb  3 15:23:00 UZT 2015 record stoped at 03-02-15.23
Tue Feb  3 15:23:00 UZT 2015 record stoped at 03-02-15.23
Tue Feb  3 15:23:00 UZT 2015 camrec.avi available at /mnt/HD/HD_b2/smb/cam/03-02-15.23/03-02-15.23
Tue Feb  3 15:23:00 UZT 2015 camrec.avi available at /mnt/HD/HD_b2/smb/cam/03-02-15.23/03-02-15.23
==========
==========
Tue Feb  3 15:23:21 UZT 2015 camrec starting. will finish after 00:29:50
Tue Feb  3 15:23:21 UZT 2015 camrec starting. will finish after 00:29:50
Tue Feb  3 15:23:21 UZT 2015 record stoped at 03-02-15.23
Tue Feb  3 15:23:21 UZT 2015 record stoped at 03-02-15.23
Tue Feb  3 15:23:21 UZT 2015 camrec.avi available at /mnt/HD/HD_b2/smb/cam/03-02-15.23/03-02-15.23
Tue Feb  3 15:23:21 UZT 2015 camrec.avi available at /mnt/HD/HD_b2/smb/cam/03-02-15.23/03-02-15.23
==========
Tue Feb  3 15:26:08 UZT 2015 camrec starting. will finish after 00:29:50
Tue Feb  3 15:26:08 UZT 2015 record stoped at 03-02-15.26
Tue Feb  3 15:26:08 UZT 2015 camrec.avi available at /mnt/HD/HD_b2/smb/cam/03-02-15.26/03-02-15.26
==========
Tue Feb  3 15:27:05 UZT 2015 camrec starting. will finish after 00:29:50
Tue Feb  3 15:27:05 UZT 2015 record stoped at 03-02-15.27
Tue Feb  3 15:27:05 UZT 2015 camrec.avi available at /mnt/HD/HD_b2/smb/cam/03-02-15.27/03-02-15.27
==========
Tue Feb  3 15:27:09 UZT 2015 camrec starting. will finish after 00:29:50
Tue Feb  3 15:27:09 UZT 2015 record stoped at 03-02-15.27
Tue Feb  3 15:27:09 UZT 2015 camrec.avi available at /mnt/HD/HD_b2/smb/cam/03-02-15.27/03-02-15.27
==========
Tue Feb  3 15:27:23 UZT 2015 camrec starting. will finish after 00:29:50
==========
Tue Feb  3 15:27:23 UZT 2015 camrec starting. will finish after 00:29:50
Tue Feb  3 15:27:23 UZT 2015 record stoped at 03-02-15.27
Tue Feb  3 15:27:23 UZT 2015 camrec.avi available at /mnt/HD/HD_b2/smb/cam/03-02-15.27/03-02-15.27
Tue Feb  3 15:27:23 UZT 2015 record stoped at 03-02-15.27
Tue Feb  3 15:27:23 UZT 2015 camrec.avi available at /mnt/HD/HD_b2/smb/cam/03-02-15.27/03-02-15.27
Tue Feb  3 15:30:01 UZT 2015 removing old dir 31-01-15.30
==========
Tue Feb  3 15:30:01 UZT 2015 camrec starting. will finish after 00:29:50
Tue Feb  3 15:30:01 UZT 2015 record stoped at 03-02-15.30
Tue Feb  3 15:30:01 UZT 2015 camrec.avi available at /mnt/HD/HD_b2/smb/cam/03-02-15.30/03-02-15.30
Tue Feb  3 16:00:01 UZT 2015 removing old dir 31-01-16.00
==========
Tue Feb  3 16:00:01 UZT 2015 camrec starting. will finish after 00:29:50
Tue Feb  3 16:00:01 UZT 2015 record stoped at 03-02-16.00
Tue Feb  3 16:00:01 UZT 2015 camrec.avi available at /mnt/HD/HD_b2/smb/cam/03-02-16.00/03-02-16.00
Tue Feb  3 16:30:01 UZT 2015 removing old dir 31-01-16.30
==========
Tue Feb  3 16:30:02 UZT 2015 camrec starting. will finish after 00:29:50
Tue Feb  3 16:30:02 UZT 2015 record stoped at 03-02-16.30
Tue Feb  3 16:30:02 UZT 2015 camrec.avi available at /mnt/HD/HD_b2/smb/cam/03-02-16.30/03-02-16.30
Tue Feb  3 17:00:01 UZT 2015 removing old dir 31-01-17.00
==========
Tue Feb  3 17:00:01 UZT 2015 camrec starting. will finish after 00:29:50
Tue Feb  3 17:00:01 UZT 2015 record stoped at 03-02-17.00
Tue Feb  3 17:00:01 UZT 2015 camrec.avi available at /mnt/HD/HD_b2/smb/cam/03-02-17.00/03-02-17.00
Tue Feb  3 17:30:01 UZT 2015 removing old dir 31-01-17.30
==========
Tue Feb  3 17:30:01 UZT 2015 camrec starting. will finish after 00:29:50
Tue Feb  3 17:30:01 UZT 2015 record stoped at 03-02-17.30
Tue Feb  3 17:30:01 UZT 2015 camrec.avi available at /mnt/HD/HD_b2/smb/cam/03-02-17.30/03-02-17.30
Tue Feb  3 18:00:01 UZT 2015 removing old dir 31-01-18.00
==========
Tue Feb  3 18:00:02 UZT 2015 camrec starting. will finish after 00:29:50
Tue Feb  3 18:00:02 UZT 2015 record stoped at 03-02-18.00
Tue Feb  3 18:00:02 UZT 2015 camrec.avi available at /mnt/HD/HD_b2/smb/cam/03-02-18.00/03-02-18.00
Tue Feb  3 18:30:02 UZT 2015 removing old dir 31-01-18.30
==========
Tue Feb  3 18:30:02 UZT 2015 camrec starting. will finish after 00:29:50
Tue Feb  3 18:30:02 UZT 2015 record stoped at 03-02-18.30
Tue Feb  3 18:30:02 UZT 2015 camrec.avi available at /mnt/HD/HD_b2/smb/cam/03-02-18.30/03-02-18.30
Tue Feb  3 19:00:01 UZT 2015 removing old dir 31-01-19.00
==========
Tue Feb  3 19:00:01 UZT 2015 camrec starting. will finish after 00:29:50
Tue Feb  3 19:00:01 UZT 2015 record stoped at 03-02-19.00
Tue Feb  3 19:00:01 UZT 2015 camrec.avi available at /mnt/HD/HD_b2/smb/cam/03-02-19.00/03-02-19.00
Tue Feb  3 19:30:01 UZT 2015 removing old dir 31-01-19.30
==========
Tue Feb  3 19:30:02 UZT 2015 camrec starting. will finish after 00:29:50
Tue Feb  3 19:30:02 UZT 2015 record stoped at 03-02-19.30
Tue Feb  3 19:30:02 UZT 2015 camrec.avi available at /mnt/HD/HD_b2/smb/cam/03-02-19.30/03-02-19.30
Tue Feb  3 20:00:02 UZT 2015 removing old dir 31-01-20.00
==========
Tue Feb  3 20:00:02 UZT 2015 camrec starting. will finish after 00:29:50
Tue Feb  3 20:00:02 UZT 2015 record stoped at 03-02-20.00
Tue Feb  3 20:00:02 UZT 2015 camrec.avi available at /mnt/HD/HD_b2/smb/cam/03-02-20.00/03-02-20.00
Tue Feb  3 20:30:01 UZT 2015 removing old dir 31-01-20.30
==========
Tue Feb  3 20:30:01 UZT 2015 camrec starting. will finish after 00:29:50
Tue Feb  3 20:30:01 UZT 2015 record stoped at 03-02-20.30
Tue Feb  3 20:30:01 UZT 2015 camrec.avi available at /mnt/HD/HD_b2/smb/cam/03-02-20.30/03-02-20.30
Tue Feb  3 21:00:01 UZT 2015 removing old dir 31-01-21.00
==========
Tue Feb  3 21:00:02 UZT 2015 camrec starting. will finish after 00:29:50
Tue Feb  3 21:00:02 UZT 2015 record stoped at 03-02-21.00
Tue Feb  3 21:00:02 UZT 2015 camrec.avi available at /mnt/HD/HD_b2/smb/cam/03-02-21.00/03-02-21.00
Tue Feb  3 21:30:02 UZT 2015 removing old dir 31-01-21.30
==========
Tue Feb  3 21:30:02 UZT 2015 camrec starting. will finish after 00:29:50
Tue Feb  3 21:30:02 UZT 2015 record stoped at 03-02-21.30
Tue Feb  3 21:30:02 UZT 2015 camrec.avi available at /mnt/HD/HD_b2/smb/cam/03-02-21.30/03-02-21.30
Tue Feb  3 22:00:01 UZT 2015 removing old dir 31-01-22.00
==========
Tue Feb  3 22:00:01 UZT 2015 camrec starting. will finish after 00:29:50
Tue Feb  3 22:00:01 UZT 2015 record stoped at 03-02-22.00
Tue Feb  3 22:00:01 UZT 2015 camrec.avi available at /mnt/HD/HD_b2/smb/cam/03-02-22.00/03-02-22.00
Tue Feb  3 22:30:01 UZT 2015 removing old dir 31-01-22.30
==========
Tue Feb  3 22:30:02 UZT 2015 camrec starting. will finish after 00:29:50
Tue Feb  3 22:30:02 UZT 2015 record stoped at 03-02-22.30
Tue Feb  3 22:30:02 UZT 2015 camrec.avi available at /mnt/HD/HD_b2/smb/cam/03-02-22.30/03-02-22.30
Tue Feb  3 23:00:02 UZT 2015 removing old dir 31-01-23.00
==========
Tue Feb  3 23:00:02 UZT 2015 camrec starting. will finish after 00:29:50
Tue Feb  3 23:00:02 UZT 2015 record stoped at 03-02-23.00
Tue Feb  3 23:00:02 UZT 2015 camrec.avi available at /mnt/HD/HD_b2/smb/cam/03-02-23.00/03-02-23.00
Tue Feb  3 23:30:01 UZT 2015 removing old dir 31-01-23.30
==========
Tue Feb  3 23:30:01 UZT 2015 camrec starting. will finish after 00:29:50
Tue Feb  3 23:30:01 UZT 2015 record stoped at 03-02-23.30
Tue Feb  3 23:30:01 UZT 2015 camrec.avi available at /mnt/HD/HD_b2/smb/cam/03-02-23.30/03-02-23.30
Wed Feb  4 00:00:01 UZT 2015 removing old dir 01-02-00.00
==========
Wed Feb  4 00:00:02 UZT 2015 camrec starting. will finish after 00:29:50
Wed Feb  4 00:00:02 UZT 2015 record stoped at 04-02-00.00
Wed Feb  4 00:00:02 UZT 2015 camrec.avi available at /mnt/HD/HD_b2/smb/cam/04-02-00.00/04-02-00.00
Wed Feb  4 00:30:02 UZT 2015 removing old dir 01-02-00.30
==========
Wed Feb  4 00:30:02 UZT 2015 camrec starting. will finish after 00:29:50
Wed Feb  4 00:30:02 UZT 2015 record stoped at 04-02-00.30
Wed Feb  4 00:30:02 UZT 2015 camrec.avi available at /mnt/HD/HD_b2/smb/cam/04-02-00.30/04-02-00.30
Wed Feb  4 01:00:01 UZT 2015 removing old dir 01-02-01.00
==========
Wed Feb  4 01:00:01 UZT 2015 camrec starting. will finish after 00:29:50
Wed Feb  4 01:00:01 UZT 2015 record stoped at 04-02-01.00
Wed Feb  4 01:00:01 UZT 2015 camrec.avi available at /mnt/HD/HD_b2/smb/cam/04-02-01.00/04-02-01.00
Wed Feb  4 01:30:01 UZT 2015 removing old dir 01-02-01.30
==========
Wed Feb  4 01:30:02 UZT 2015 camrec starting. will finish after 00:29:50
Wed Feb  4 01:30:02 UZT 2015 record stoped at 04-02-01.30
Wed Feb  4 01:30:02 UZT 2015 camrec.avi available at /mnt/HD/HD_b2/smb/cam/04-02-01.30/04-02-01.30
Wed Feb  4 02:00:02 UZT 2015 removing old dir 01-02-02.00
==========
Wed Feb  4 02:00:02 UZT 2015 camrec starting. will finish after 00:29:50
Wed Feb  4 02:00:02 UZT 2015 record stoped at 04-02-02.00
Wed Feb  4 02:00:02 UZT 2015 camrec.avi available at /mnt/HD/HD_b2/smb/cam/04-02-02.00/04-02-02.00
Wed Feb  4 02:30:02 UZT 2015 removing old dir 01-02-02.30
==========
Wed Feb  4 02:30:02 UZT 2015 camrec starting. will finish after 00:29:50
Wed Feb  4 02:30:02 UZT 2015 record stoped at 04-02-02.30
Wed Feb  4 02:30:02 UZT 2015 camrec.avi available at /mnt/HD/HD_b2/smb/cam/04-02-02.30/04-02-02.30
Wed Feb  4 03:00:01 UZT 2015 removing old dir 01-02-03.00
==========
Wed Feb  4 03:00:02 UZT 2015 camrec starting. will finish after 00:29:50
Wed Feb  4 03:00:02 UZT 2015 record stoped at 04-02-03.00
Wed Feb  4 03:00:02 UZT 2015 camrec.avi available at /mnt/HD/HD_b2/smb/cam/04-02-03.00/04-02-03.00
Wed Feb  4 03:30:02 UZT 2015 removing old dir 01-02-03.30
==========
Wed Feb  4 03:30:02 UZT 2015 camrec starting. will finish after 00:29:50
Wed Feb  4 03:30:02 UZT 2015 record stoped at 04-02-03.30
Wed Feb  4 03:30:02 UZT 2015 camrec.avi available at /mnt/HD/HD_b2/smb/cam/04-02-03.30/04-02-03.30
Wed Feb  4 04:00:01 UZT 2015 removing old dir 01-02-04.00
==========
Wed Feb  4 04:00:01 UZT 2015 camrec starting. will finish after 00:29:50
Wed Feb  4 04:00:02 UZT 2015 record stoped at 04-02-04.00
Wed Feb  4 04:00:02 UZT 2015 camrec.avi available at /mnt/HD/HD_b2/smb/cam/04-02-04.00/04-02-04.00
Wed Feb  4 04:30:01 UZT 2015 removing old dir 01-02-04.30
==========
Wed Feb  4 04:30:02 UZT 2015 camrec starting. will finish after 00:29:50
Wed Feb  4 04:30:02 UZT 2015 record stoped at 04-02-04.30
Wed Feb  4 04:30:02 UZT 2015 camrec.avi available at /mnt/HD/HD_b2/smb/cam/04-02-04.30/04-02-04.30
Wed Feb  4 05:00:02 UZT 2015 removing old dir 01-02-05.00
==========
Wed Feb  4 05:00:02 UZT 2015 camrec starting. will finish after 00:29:50
Wed Feb  4 05:00:02 UZT 2015 record stoped at 04-02-05.00
Wed Feb  4 05:00:02 UZT 2015 camrec.avi available at /mnt/HD/HD_b2/smb/cam/04-02-05.00/04-02-05.00
Wed Feb  4 05:30:01 UZT 2015 removing old dir 01-02-05.30
==========
Wed Feb  4 05:30:01 UZT 2015 camrec starting. will finish after 00:29:50
Wed Feb  4 05:30:02 UZT 2015 record stoped at 04-02-05.30
Wed Feb  4 05:30:02 UZT 2015 camrec.avi available at /mnt/HD/HD_b2/smb/cam/04-02-05.30/04-02-05.30
Wed Feb  4 06:00:01 UZT 2015 removing old dir 01-02-06.00
==========
Wed Feb  4 06:00:02 UZT 2015 camrec starting. will finish after 00:29:50
Wed Feb  4 06:00:02 UZT 2015 record stoped at 04-02-06.00
Wed Feb  4 06:00:02 UZT 2015 camrec.avi available at /mnt/HD/HD_b2/smb/cam/04-02-06.00/04-02-06.00
Wed Feb  4 06:30:01 UZT 2015 removing old dir 01-02-06.30
==========
Wed Feb  4 06:30:01 UZT 2015 camrec starting. will finish after 00:29:50
Wed Feb  4 06:30:01 UZT 2015 record stoped at 04-02-06.30
Wed Feb  4 06:30:01 UZT 2015 camrec.avi available at /mnt/HD/HD_b2/smb/cam/04-02-06.30/04-02-06.30
Wed Feb  4 07:00:01 UZT 2015 removing old dir 01-02-07.00
==========
Wed Feb  4 07:00:01 UZT 2015 camrec starting. will finish after 00:29:50
Wed Feb  4 07:00:01 UZT 2015 record stoped at 04-02-07.00
Wed Feb  4 07:00:01 UZT 2015 camrec.avi available at /mnt/HD/HD_b2/smb/cam/04-02-07.00/04-02-07.00
Wed Feb  4 07:30:01 UZT 2015 removing old dir 01-02-07.30
==========
Wed Feb  4 07:30:02 UZT 2015 camrec starting. will finish after 00:29:50
Wed Feb  4 07:30:02 UZT 2015 record stoped at 04-02-07.30
Wed Feb  4 07:30:02 UZT 2015 camrec.avi available at /mnt/HD/HD_b2/smb/cam/04-02-07.30/04-02-07.30
Wed Feb  4 08:00:01 UZT 2015 removing old dir 01-02-08.00
==========
Wed Feb  4 08:00:01 UZT 2015 camrec starting. will finish after 00:29:50
Wed Feb  4 08:00:01 UZT 2015 record stoped at 04-02-08.00
Wed Feb  4 08:00:01 UZT 2015 camrec.avi available at /mnt/HD/HD_b2/smb/cam/04-02-08.00/04-02-08.00
Wed Feb  4 08:30:01 UZT 2015 removing old dir 01-02-08.30
==========
Wed Feb  4 08:30:02 UZT 2015 camrec starting. will finish after 00:29:50
Wed Feb  4 08:30:02 UZT 2015 record stoped at 04-02-08.30
Wed Feb  4 08:30:02 UZT 2015 camrec.avi available at /mnt/HD/HD_b2/smb/cam/04-02-08.30/04-02-08.30
Wed Feb  4 09:00:02 UZT 2015 removing old dir 01-02-09.00
==========
Wed Feb  4 09:00:03 UZT 2015 camrec starting. will finish after 00:29:50
Wed Feb  4 09:00:03 UZT 2015 record stoped at 04-02-09.00
Wed Feb  4 09:00:03 UZT 2015 camrec.avi available at /mnt/HD/HD_b2/smb/cam/04-02-09.00/04-02-09.00
Wed Feb  4 09:30:01 UZT 2015 removing old dir 01-02-09.30
==========
Wed Feb  4 09:30:02 UZT 2015 camrec starting. will finish after 00:29:50
Wed Feb  4 09:30:02 UZT 2015 record stoped at 04-02-09.30
Wed Feb  4 09:30:02 UZT 2015 camrec.avi available at /mnt/HD/HD_b2/smb/cam/04-02-09.30/04-02-09.30
Wed Feb  4 10:00:01 UZT 2015 removing old dir 01-02-10.00
==========
Wed Feb  4 10:00:02 UZT 2015 camrec starting. will finish after 00:30:00
Wed Feb  4 10:00:02 UZT 2015 record stoped at 04-02-10.00
Wed Feb  4 10:00:02 UZT 2015 camrec.avi available at /mnt/HD/HD_b2/smb/cam/04-02-10.00/04-02-10.00
Wed Feb  4 10:30:02 UZT 2015 removing old dir 01-02-10.30
==========
Wed Feb  4 10:30:02 UZT 2015 camrec starting. will finish after 00:30:00
Wed Feb  4 10:30:02 UZT 2015 record stoped at 04-02-10.30
Wed Feb  4 10:30:02 UZT 2015 camrec.avi available at /mnt/HD/HD_b2/smb/cam/04-02-10.30/04-02-10.30
Wed Feb  4 11:00:01 UZT 2015 removing old dir 01-02-11.00
==========
Wed Feb  4 11:00:02 UZT 2015 camrec starting. will finish after 00:30:00
Wed Feb  4 11:00:02 UZT 2015 record stoped at 04-02-11.00
Wed Feb  4 11:00:02 UZT 2015 camrec.avi available at /mnt/HD/HD_b2/smb/cam/04-02-11.00/04-02-11.00
Wed Feb  4 11:30:01 UZT 2015 removing old dir 01-02-11.30
==========
Wed Feb  4 11:30:02 UZT 2015 camrec starting. will finish after 00:30:00
Wed Feb  4 11:30:02 UZT 2015 record stoped at 04-02-11.30
Wed Feb  4 11:30:02 UZT 2015 camrec.avi available at /mnt/HD/HD_b2/smb/cam/04-02-11.30/04-02-11.30
Wed Feb  4 12:00:02 UZT 2015 removing old dir 01-02-12.00
==========
Wed Feb  4 12:00:02 UZT 2015 camrec starting. will finish after 00:30:00
Wed Feb  4 12:00:02 UZT 2015 record stoped at 04-02-12.00
Wed Feb  4 12:00:02 UZT 2015 camrec.avi available at /mnt/HD/HD_b2/smb/cam/04-02-12.00/04-02-12.00
Wed Feb  4 12:30:01 UZT 2015 removing old dir 01-02-12.30
==========
Wed Feb  4 12:30:01 UZT 2015 camrec starting. will finish after 00:30:00
Wed Feb  4 12:30:02 UZT 2015 record stoped at 04-02-12.30
Wed Feb  4 12:30:02 UZT 2015 camrec.avi available at /mnt/HD/HD_b2/smb/cam/04-02-12.30/04-02-12.30
Wed Feb  4 13:00:01 UZT 2015 removing old dir 01-02-13.00
==========
Wed Feb  4 13:00:02 UZT 2015 camrec starting. will finish after 00:30:00
Wed Feb  4 13:00:02 UZT 2015 record stoped at 04-02-13.00
Wed Feb  4 13:00:02 UZT 2015 camrec.avi available at /mnt/HD/HD_b2/smb/cam/04-02-13.00/04-02-13.00
==========
Wed Feb  4 13:20:43 UZT 2015 camrec starting. will finish after 00:30:00
==========
Wed Feb  4 13:20:43 UZT 2015 camrec starting. will finish after 00:30:00
Wed Feb  4 13:20:43 UZT 2015 record stoped at 04-02-13.20
Wed Feb  4 13:20:43 UZT 2015 record stoped at 04-02-13.20
Wed Feb  4 13:20:43 UZT 2015 camrec.avi available at /mnt/HD/HD_b2/smb/cam/04-02-13.20/04-02-13.20
Wed Feb  4 13:20:43 UZT 2015 camrec.avi available at /mnt/HD/HD_b2/smb/cam/04-02-13.20/04-02-13.20
==========
Wed Feb  4 13:21:00 UZT 2015 camrec starting. will finish after 00:30:00
Wed Feb  4 13:21:00 UZT 2015 record stoped at 04-02-13.21
==========
Wed Feb  4 13:21:00 UZT 2015 camrec.avi available at /mnt/HD/HD_b2/smb/cam/04-02-13.21/04-02-13.21
Wed Feb  4 13:21:00 UZT 2015 camrec starting. will finish after 00:30:00
Wed Feb  4 13:21:00 UZT 2015 record stoped at 04-02-13.21
Wed Feb  4 13:21:00 UZT 2015 camrec.avi available at /mnt/HD/HD_b2/smb/cam/04-02-13.21/04-02-13.21
==========
Wed Feb  4 13:23:44 UZT 2015 camrec starting. will finish after 00:30:00
Wed Feb  4 13:23:44 UZT 2015 record stoped at 04-02-13.23
Wed Feb  4 13:23:44 UZT 2015 camrec.avi available at /mnt/HD/HD_b2/smb/cam/04-02-13.23/04-02-13.23
